============================= test session starts =============================
platform win32 -- Python 3.13.5, pytest-9.0.3, pluggy-1.6.0 -- C:\Users\ragha\Desktop\repowise\.venv\Scripts\python.exe
rootdir: C:\Users\ragha\Desktop\repowise
configfile: pyproject.toml
plugins: anyio-4.13.0, asyncio-1.3.0, cov-7.1.0, respx-0.22.0, time-machine-2.19.0
asyncio: mode=Mode.AUTO, debug=False, asyncio_default_fixture_loop_scope=None, asyncio_default_test_loop_scope=function
collecting ... collected 212 items

tests/unit/analysis/test_change_risk.py::test_score_is_bounded_and_levelled PASSED [  0%]
tests/unit/analysis/test_change_risk.py::test_logit_is_exact_sum_of_driver_contributions PASSED [  0%]
tests/unit/analysis/test_change_risk.py::test_larger_diff_scores_higher PASSED [  1%]
tests/unit/analysis/test_change_risk.py::test_author_experience_is_protective PASSED [  1%]
tests/unit/analysis/test_change_risk.py::test_unknown_experience_is_neutral PASSED [  2%]
tests/unit/analysis/test_change_risk.py::test_top_drivers_sorted_by_magnitude PASSED [  2%]
tests/unit/analysis/test_change_risk.py::test_features_from_file_changes_aggregates_diffusion PASSED [  3%]
tests/unit/analysis/test_change_risk.py::test_extract_commit_features_counts_diffusion PASSED [  3%]
tests/unit/analysis/test_change_risk.py::test_extract_filters_by_extension PASSED [  4%]
tests/unit/analysis/test_change_risk.py::test_author_experience_accrues PASSED [  4%]
tests/unit/analysis/test_change_risk.py::test_extract_range_features_aggregates PASSED [  5%]
tests/unit/analysis/test_change_risk.py::test_score_change_on_real_commit PASSED [  5%]
tests/unit/analysis/test_change_risk_normalize.py::test_empty_distribution_is_low_zero PASSED [  6%]
tests/unit/analysis/test_change_risk_normalize.py::test_none_score_is_neutral PASSED [  6%]
tests/unit/analysis/test_change_risk_normalize.py::test_none_values_dropped_from_distribution PASSED [  7%]
tests/unit/analysis/test_change_risk_normalize.py::test_midrank_percentile_orders_monotonically PASSED [  7%]
tests/unit/analysis/test_change_risk_normalize.py::test_ties_share_one_percentile PASSED [  8%]
tests/unit/analysis/test_change_risk_normalize.py::test_priority_terciles PASSED [  8%]
tests/unit/analysis/test_change_risk_normalize.py::test_priority_is_repo_relative_not_absolute PASSED [  8%]
tests/unit/analysis/test_cpp_reachability.py::TestCppFileReachable::test_in_degree_positive_is_reachable PASSED [  9%]
tests/unit/analysis/test_cpp_reachability.py::TestCppFileReachable::test_main_carrier_is_reachable PASSED [  9%]
tests/unit/analysis/test_cpp_reachability.py::TestCppFileReachable::test_winmain_carrier_is_reachable PASSED [ 10%]
tests/unit/analysis/test_cpp_reachability.py::TestCppFileReachable::test_libfuzzer_entry_carrier_is_reachable PASSED [ 10%]
tests/unit/analysis/test_cpp_reachability.py::TestCppFileReachable::test_header_with_referenced_symbol_is_reachable PASSED [ 11%]
tests/unit/analysis/test_cpp_reachability.py::TestCppFileReachable::test_header_with_implements_edge_is_reachable PASSED [ 11%]
tests/unit/analysis/test_cpp_reachability.py::TestCppFileReachable::test_internal_header_rescued_by_sibling_with_importer PASSED [ 12%]
tests/unit/analysis/test_cpp_reachability.py::TestCppFileReachable::test_conditional_alt_pair_rescued PASSED [ 12%]
tests/unit/analysis/test_cpp_reachability.py::TestCppFileReachable::test_sibling_of_main_file_is_reachable PASSED [ 13%]
tests/unit/analysis/test_cpp_reachability.py::TestCppFileReachable::test_orphan_unrelated_header_is_unreachable PASSED [ 13%]
tests/unit/analysis/test_cpp_reachability.py::TestCppFileReachable::test_orphan_source_with_no_sibling_signal_is_unreachable PASSED [ 14%]
tests/unit/analysis/test_cpp_reachability.py::TestCppNeverFlag::test_apps_tree_never_flagged PASSED [ 14%]
tests/unit/analysis/test_cpp_reachability.py::TestCppNeverFlag::test_demos_tree_never_flagged PASSED [ 15%]
tests/unit/analysis/test_cpp_reachability.py::TestCppNeverFlag::test_examples_tree_never_flagged PASSED [ 15%]
tests/unit/analysis/test_cpp_reachability.py::TestCppNeverFlag::test_benchmarks_tree_never_flagged PASSED [ 16%]
tests/unit/analysis/test_cpp_reachability.py::TestCppNeverFlag::test_tools_tree_never_flagged PASSED [ 16%]
tests/unit/analysis/test_cpp_reachability.py::TestCppNeverFlag::test_tests_perf_fuzz_unit_manual_never_flagged PASSED [ 16%]
tests/unit/analysis/test_cpp_reachability.py::TestCppNeverFlag::test_test_suffix_files_never_flagged PASSED [ 17%]
tests/unit/analysis/test_cpp_reachability.py::TestCppNeverFlag::test_port_example_never_flagged PASSED [ 17%]
tests/unit/analysis/test_cpp_reachability.py::TestCppNeverFlag::test_generated_qt_protobuf_grpc_globs PASSED [ 18%]
tests/unit/analysis/test_cpp_reachability.py::TestCppNeverFlag::test_generated_yacc_flex_swig_globs PASSED [ 18%]
tests/unit/analysis/test_cpp_reachability.py::TestCppNeverFlag::test_external_extern_contrib_submodules_globs PASSED [ 19%]
tests/unit/analysis/test_cpp_reachability.py::TestCppNeverFlag::test_ordinary_source_not_flagged PASSED [ 19%]
tests/unit/analysis/test_cpp_reachability.py::TestCppContractMethods::test_operator_overloads_protected PASSED [ 20%]
tests/unit/analysis/test_cpp_reachability.py::TestCppContractMethods::test_stl_customization_points_protected PASSED [ 20%]
tests/unit/analysis/test_cpp_reachability.py::TestCppContractMethods::test_coroutine_machinery_protected PASSED [ 21%]
tests/unit/analysis/test_cpp_reachability.py::TestCppContractMethods::test_constructor_destructor_protected PASSED [ 21%]
tests/unit/analysis/test_cpp_reachability.py::TestCppContractMethods::test_conversion_operator_protected PASSED [ 22%]
tests/unit/analysis/test_cpp_reachability.py::TestCppContractMethods::test_unrelated_language_not_protected PASSED [ 22%]
tests/unit/analysis/test_cpp_reachability.py::TestCppContractMethods::test_random_user_function_not_protected PASSED [ 23%]
tests/unit/analysis/test_cpp_reachability.py::TestCppEntryPointSymbols::test_libfuzzer_entry_recognised PASSED [ 23%]
tests/unit/analysis/test_cpp_reachability.py::TestCppEntryPointSymbols::test_windows_main_variants_recognised PASSED [ 24%]
tests/unit/analysis/test_cpp_reachability.py::TestCppEndToEnd::test_main_carrier_not_flagged_unreachable PASSED [ 24%]
tests/unit/analysis/test_cpp_reachability.py::TestCppEndToEnd::test_public_header_with_type_use_not_flagged_unreachable PASSED [ 25%]
tests/unit/analysis/test_cpp_reachability.py::TestCppEndToEnd::test_operator_overload_not_flagged_unused_export PASSED [ 25%]
tests/unit/analysis/test_cpp_reachability.py::TestCppEndToEnd::test_apps_tree_never_flag_short_circuits PASSED [ 25%]
tests/unit/analysis/test_decision_provenance.py::test_source_rank_ladder_ordering PASSED [ 26%]
tests/unit/analysis/test_decision_provenance.py::test_git_archaeology_aliases_commit_rank PASSED [ 26%]
tests/unit/analysis/test_decision_provenance.py::test_unknown_source_lowest_rank PASSED [ 27%]
tests/unit/analysis/test_decision_provenance.py::test_cli_outranks_adr PASSED [ 27%]
tests/unit/analysis/test_decision_provenance.py::test_confidence_rises_with_rank PASSED [ 28%]
tests/unit/analysis/test_decision_provenance.py::test_confidence_rises_with_corroboration PASSED [ 28%]
tests/unit/analysis/test_decision_provenance.py::test_confidence_decays_for_weak_verification PASSED [ 29%]
tests/unit/analysis/test_decision_provenance.py::test_confidence_bounded PASSED [ 29%]
tests/unit/analysis/test_decision_provenance.py::test_verify_quote_exact_ignores_whitespace_and_case PASSED [ 30%]
tests/unit/analysis/test_decision_provenance.py::test_verify_quote_fuzzy_on_paraphrase PASSED [ 30%]
tests/unit/analysis/test_decision_provenance.py::test_verify_quote_unverified_on_hallucination PASSED [ 31%]
tests/unit/analysis/test_decision_provenance.py::test_verify_quote_unverified_without_source PASSED [ 31%]
tests/unit/analysis/test_decision_provenance.py::test_gate_keeps_grounded_decision PASSED [ 32%]
tests/unit/analysis/test_decision_provenance.py::test_gate_rejects_fully_hallucinated_decision PASSED [ 32%]
tests/unit/analysis/test_decision_provenance.py::test_gate_drops_only_the_hallucinated_field PASSED [ 33%]
tests/unit/analysis/test_decision_provenance.py::test_gate_keeps_unverifiable_when_no_source_text PASSED [ 33%]
tests/unit/analysis/test_decision_sources.py::test_discover_adrs_parses_nygard_template PASSED [ 33%]
tests/unit/analysis/test_decision_sources.py::test_discover_adrs_maps_superseded_status_from_frontmatter PASSED [ 34%]
tests/unit/analysis/test_decision_sources.py::test_mine_changelog_extracts_decision_sections PASSED [ 34%]
tests/unit/analysis/test_decision_sources.py::test_mine_changelog_finds_changelog_under_docs PASSED [ 35%]
tests/unit/analysis/test_decision_sources.py::test_extract_all_runs_deterministic_sources_and_gates PASSED [ 35%]
tests/unit/analysis/test_go_reachability.py::TestGoReachabilityHelper::test_entry_package_sibling_is_reachable PASSED [ 36%]
tests/unit/analysis/test_go_reachability.py::TestGoReachabilityHelper::test_imported_sibling_makes_package_reachable PASSED [ 36%]
tests/unit/analysis/test_go_reachability.py::TestGoReachabilityHelper::test_orphaned_package_is_unreachable PASSED [ 37%]
tests/unit/analysis/test_go_reachability.py::TestGoReachabilityHelper::test_func_init_alone_does_not_rescue_package PASSED [ 37%]
tests/unit/analysis/test_go_reachability.py::TestGoUnreachableFiles::test_entry_package_helper_not_flagged PASSED [ 38%]
tests/unit/analysis/test_go_reachability.py::TestGoUnreachableFiles::test_orphan_package_still_flagged PASSED [ 38%]
tests/unit/analysis/test_go_reachability.py::TestGoNeverFlagPatterns::test_test_file PASSED [ 39%]
tests/unit/analysis/test_go_reachability.py::TestGoNeverFlagPatterns::test_cmd_main PASSED [ 39%]
tests/unit/analysis/test_go_reachability.py::TestGoNeverFlagPatterns::test_root_main PASSED [ 40%]
tests/unit/analysis/test_go_reachability.py::TestGoNeverFlagPatterns::test_doc_and_docs_stubs PASSED [ 40%]
tests/unit/analysis/test_go_reachability.py::TestGoNeverFlagPatterns::test_magefile PASSED [ 41%]
tests/unit/analysis/test_go_reachability.py::TestGoNeverFlagPatterns::test_generated_code PASSED [ 41%]
tests/unit/analysis/test_go_reachability.py::TestGoNeverFlagPatterns::test_ordinary_go_file_not_flagged PASSED [ 41%]
tests/unit/analysis/test_go_reachability.py::TestGoEntrySymbols::test_init_and_testmain_are_entry_symbols PASSED [ 42%]
tests/unit/analysis/test_go_reachability.py::TestGoDynamicMarkers::test_go_directives_present PASSED [ 42%]
tests/unit/analysis/test_go_reachability.py::TestGoUnusedInternals::test_uncalled_private_go_symbol_is_flagged PASSED [ 43%]
tests/unit/analysis/test_go_reachability.py::TestGoUnusedInternals::test_private_type_kinds_not_flagged_as_internal PASSED [ 43%]
tests/unit/analysis/test_go_reachability.py::TestGoUnusedInternals::test_called_private_go_symbol_not_flagged PASSED [ 44%]
tests/unit/analysis/test_js_never_flag.py::TestJsNeverFlagPatterns::test_bundle_outputs PASSED [ 44%]
tests/unit/analysis/test_js_never_flag.py::TestJsNeverFlagPatterns::test_minified PASSED [ 45%]
tests/unit/analysis/test_js_never_flag.py::TestJsNeverFlagPatterns::test_livereload_generated_and_shim PASSED [ 45%]
tests/unit/analysis/test_js_never_flag.py::TestJsNeverFlagPatterns::test_wasm_exec_glue PASSED [ 46%]
tests/unit/analysis/test_js_never_flag.py::TestJsNeverFlagPatterns::test_ordinary_js_not_flagged PASSED [ 46%]
tests/unit/analysis/test_js_never_flag.py::TestVendoredCNeverFlag::test_deps_vendor_third_party PASSED [ 47%]
tests/unit/analysis/test_js_never_flag.py::TestVendoredCNeverFlag::test_live_c_not_flagged PASSED [ 47%]
tests/unit/analysis/test_jsx_namespace_exempt.py::TestJsxNamespaceExemption::test_intrinsic_elements_in_jsx_namespace_not_flagged PASSED [ 48%]
tests/unit/analysis/test_jsx_namespace_exempt.py::TestJsxNamespaceExemption::test_whitelist_name_outside_jsx_namespace_still_flagged PASSED [ 48%]
tests/unit/analysis/test_jvm_reachability.py::TestJvmFileReachable::test_in_degree_positive_is_reachable PASSED [ 49%]
tests/unit/analysis/test_jvm_reachability.py::TestJvmFileReachable::test_sibling_with_importer_rescues PASSED [ 49%]
tests/unit/analysis/test_jvm_reachability.py::TestJvmFileReachable::test_stereotype_annotated_class_is_reachable PASSED [ 50%]
tests/unit/analysis/test_jvm_reachability.py::TestJvmFileReachable::test_spring_boot_application_is_reachable PASSED [ 50%]
tests/unit/analysis/test_jvm_reachability.py::TestJvmFileReachable::test_main_method_is_reachable PASSED [ 50%]
tests/unit/analysis/test_jvm_reachability.py::TestJvmFileReachable::test_fqn_qualified_annotation_recognised PASSED [ 51%]
tests/unit/analysis/test_jvm_reachability.py::TestJvmFileReachable::test_orphan_non_annotated_class_is_unreachable PASSED [ 51%]
tests/unit/analysis/test_jvm_reachability.py::TestJvmFileReachable::test_kotlin_object_with_companion_main_is_reachable PASSED [ 52%]
tests/unit/analysis/test_jvm_reachability.py::TestJvmNeverFlag::test_module_info_never_flagged PASSED [ 52%]
tests/unit/analysis/test_jvm_reachability.py::TestJvmNeverFlag::test_package_info_never_flagged PASSED [ 53%]
tests/unit/analysis/test_jvm_reachability.py::TestJvmNeverFlag::test_caffeine_test_source_sets_never_flagged PASSED [ 53%]
tests/unit/analysis/test_jvm_reachability.py::TestJvmNeverFlag::test_integration_test_source_set PASSED [ 54%]
tests/unit/analysis/test_jvm_reachability.py::TestJvmNeverFlag::test_test_suffix_files PASSED [ 54%]
tests/unit/analysis/test_jvm_reachability.py::TestJvmNeverFlag::test_generated_roots_never_flagged PASSED [ 55%]
tests/unit/analysis/test_jvm_reachability.py::TestJvmNeverFlag::test_ordinary_main_source_not_flagged PASSED [ 55%]
tests/unit/analysis/test_jvm_reachability.py::TestJvmContractMethods::test_equals_hashcode_protected PASSED [ 56%]
tests/unit/analysis/test_jvm_reachability.py::TestJvmContractMethods::test_serialization_protected PASSED [ 56%]
tests/unit/analysis/test_jvm_reachability.py::TestJvmContractMethods::test_kotlin_data_class_synthesised_protected PASSED [ 57%]
tests/unit/analysis/test_jvm_reachability.py::TestJvmContractMethods::test_enum_helpers_protected PASSED [ 57%]
tests/unit/analysis/test_jvm_reachability.py::TestJvmContractMethods::test_unrelated_language_not_protected PASSED [ 58%]
tests/unit/analysis/test_jvm_reachability.py::TestJvmFrameworkDecorators::test_spring_stereotypes_present PASSED [ 58%]
tests/unit/analysis/test_jvm_reachability.py::TestJvmFrameworkDecorators::test_routing_annotations_present PASSED [ 58%]
tests/unit/analysis/test_jvm_reachability.py::TestJvmFrameworkDecorators::test_test_markers_present PASSED [ 59%]
tests/unit/analysis/test_jvm_reachability.py::TestJvmFrameworkDecorators::test_lifecycle_and_messaging_present PASSED [ 59%]
tests/unit/analysis/test_jvm_reachability.py::TestJvmEndToEnd::test_service_annotated_class_not_flagged_unreachable PASSED [ 60%]
tests/unit/analysis/test_jvm_reachability.py::TestJvmEndToEnd::test_module_info_not_flagged PASSED [ 60%]
tests/unit/analysis/test_jvm_reachability.py::TestJvmEndToEnd::test_private_post_construct_method_not_flagged_internal PASSED [ 61%]
tests/unit/analysis/test_jvm_reachability.py::TestWorkspaceNeverFlag::test_is_never_flag_node_attr_short_circuits_findings PASSED [ 61%]
tests/unit/analysis/test_jvm_reachability.py::TestHeritageEdgeRescue::test_extended_only_class_is_not_unused_export PASSED [ 62%]
tests/unit/analysis/test_jvm_reachability.py::TestHeritageEdgeRescue::test_implemented_only_interface_is_not_unused_export PASSED [ 62%]
tests/unit/analysis/test_jvm_reachability.py::TestHeritageEdgeRescue::test_type_use_only_class_is_not_unused_export PASSED [ 63%]
tests/unit/analysis/test_kg_skip_logic.py::TestKGResultFromFile::test_loads_valid_json PASSED [ 63%]
tests/unit/analysis/test_kg_skip_logic.py::TestKGResultFromFile::test_returns_none_for_missing_file PASSED [ 64%]
tests/unit/analysis/test_kg_skip_logic.py::TestKGResultFromFile::test_returns_none_for_invalid_json PASSED [ 64%]
tests/unit/analysis/test_kg_skip_logic.py::TestKGResultFromFile::test_handles_minimal_json PASSED [ 65%]
tests/unit/analysis/test_kg_skip_logic.py::TestKGResultFromFile::test_fingerprint_not_loaded PASSED [ 65%]
tests/unit/analysis/test_kg_skip_logic.py::TestFingerprintDeterminism::test_same_graph_same_fingerprint PASSED [ 66%]
tests/unit/analysis/test_kg_skip_logic.py::TestFingerprintDeterminism::test_different_nodes_different_fingerprint PASSED [ 66%]
tests/unit/analysis/test_kg_skip_logic.py::TestFingerprintDeterminism::test_different_edges_different_fingerprint PASSED [ 66%]
tests/unit/analysis/test_kg_skip_logic.py::TestFingerprintDeterminism::test_different_communities_different_fingerprint PASSED [ 67%]
tests/unit/analysis/test_kg_skip_logic.py::TestSkipLogicUnit::test_skip_when_fingerprint_matches PASSED [ 67%]
tests/unit/analysis/test_kg_skip_logic.py::TestSkipLogicUnit::test_regenerate_when_fingerprint_differs PASSED [ 68%]
tests/unit/analysis/test_kg_skip_logic.py::TestSkipLogicUnit::test_force_bypasses_fingerprint PASSED [ 68%]
tests/unit/analysis/test_kg_skip_logic.py::TestSkipLogicUnit::test_skip_fails_gracefully_if_file_missing PASSED [ 69%]
tests/unit/analysis/test_kg_skip_logic.py::TestSkipLogicUnit::test_skip_fails_gracefully_if_file_corrupt PASSED [ 69%]
tests/unit/analysis/test_knowledge_graph.py::TestSkeletonBuilder::test_builds_file_nodes PASSED [ 70%]
tests/unit/analysis/test_knowledge_graph.py::TestSkeletonBuilder::test_builds_all_node_types PASSED [ 70%]
tests/unit/analysis/test_knowledge_graph.py::TestSkeletonBuilder::test_test_file_tagged PASSED [ 71%]
tests/unit/analysis/test_knowledge_graph.py::TestSkeletonBuilder::test_entry_point_tagged PASSED [ 71%]
tests/unit/analysis/test_knowledge_graph.py::TestSkeletonBuilder::test_builds_import_edges PASSED [ 72%]
tests/unit/analysis/test_knowledge_graph.py::TestSkeletonBuilder::test_tested_by_edges PASSED [ 72%]
tests/unit/analysis/test_knowledge_graph.py::TestSkeletonBuilder::test_builds_layers_from_communities PASSED [ 73%]
tests/unit/analysis/test_knowledge_graph.py::TestSkeletonBuilder::test_layers_contain_node_ids PASSED [ 73%]
tests/unit/analysis/test_knowledge_graph.py::TestSkeletonBuilder::test_no_communities_gives_empty_layers PASSED [ 74%]
tests/unit/analysis/test_knowledge_graph.py::TestSkeletonBuilder::test_project_metadata PASSED [ 74%]
tests/unit/analysis/test_knowledge_graph.py::TestComplexityClassification::test_simple PASSED [ 75%]
tests/unit/analysis/test_knowledge_graph.py::TestComplexityClassification::test_moderate PASSED [ 75%]
tests/unit/analysis/test_knowledge_graph.py::TestComplexityClassification::test_complex_by_symbols PASSED [ 75%]
tests/unit/analysis/test_knowledge_graph.py::TestComplexityClassification::test_complex_by_lines PASSED [ 76%]
tests/unit/analysis/test_knowledge_graph.py::TestComplexityClassification::test_edge_simple PASSED [ 76%]
tests/unit/analysis/test_knowledge_graph.py::TestComplexityClassification::test_edge_complex PASSED [ 77%]
tests/unit/analysis/test_knowledge_graph.py::TestFileTypeClassification::test_python_file PASSED [ 77%]
tests/unit/analysis/test_knowledge_graph.py::TestFileTypeClassification::test_config_by_extension PASSED [ 78%]
tests/unit/analysis/test_knowledge_graph.py::TestFileTypeClassification::test_config_by_flag PASSED [ 78%]
tests/unit/analysis/test_knowledge_graph.py::TestFileTypeClassification::test_dockerfile PASSED [ 79%]
tests/unit/analysis/test_knowledge_graph.py::TestFileTypeClassification::test_markdown PASSED [ 79%]
tests/unit/analysis/test_knowledge_graph.py::TestFileTypeClassification::test_makefile PASSED [ 80%]
tests/unit/analysis/test_knowledge_graph.py::TestSlugify::test_normal PASSED [ 80%]
tests/unit/analysis/test_knowledge_graph.py::TestSlugify::test_special_chars PASSED [ 81%]
tests/unit/analysis/test_knowledge_graph.py::TestSlugify::test_empty PASSED [ 81%]
tests/unit/analysis/test_knowledge_graph.py::TestFingerprint::test_stability PASSED [ 82%]
tests/unit/analysis/test_knowledge_graph.py::TestFingerprint::test_changes_on_graph_change PASSED [ 82%]
tests/unit/analysis/test_knowledge_graph.py::TestFingerprint::test_length PASSED [ 83%]
tests/unit/analysis/test_knowledge_graph.py::TestToDict::test_schema PASSED [ 83%]
tests/unit/analysis/test_knowledge_graph.py::TestToDict::test_roundtrip_json PASSED [ 83%]
tests/unit/analysis/test_rust_dead_code_regression.py::TestRustNeverFlagPatterns::test_build_rs_never_flagged PASSED [ 84%]
tests/unit/analysis/test_rust_dead_code_regression.py::TestRustNeverFlagPatterns::test_examples_never_flagged PASSED [ 84%]
tests/unit/analysis/test_rust_dead_code_regression.py::TestRustNeverFlagPatterns::test_benches_never_flagged PASSED [ 85%]
tests/unit/analysis/test_rust_dead_code_regression.py::TestRustNeverFlagPatterns::test_tests_dir_never_flagged PASSED [ 85%]
tests/unit/analysis/test_rust_dead_code_regression.py::TestRustNeverFlagPatterns::test_bin_target_never_flagged PASSED [ 86%]
tests/unit/analysis/test_rust_dead_code_regression.py::TestRustNeverFlagPatterns::test_fuzz_target_never_flagged PASSED [ 86%]
tests/unit/analysis/test_rust_dead_code_regression.py::TestRustNeverPackageDirs::test_tests_dir_excluded PASSED [ 87%]
tests/unit/analysis/test_rust_dead_code_regression.py::TestRustNeverPackageDirs::test_benches_dir_excluded PASSED [ 87%]
tests/unit/analysis/test_rust_dead_code_regression.py::TestRustNeverPackageDirs::test_fuzz_dir_excluded PASSED [ 88%]
tests/unit/analysis/test_rust_dead_code_regression.py::TestRustDynamicMarkers::test_proc_macro_detected PASSED [ 88%]
tests/unit/analysis/test_rust_dead_code_regression.py::TestRustDynamicMarkers::test_doc_hidden_detected PASSED [ 89%]
tests/unit/analysis/test_rust_dead_code_regression.py::TestProcMacroCrateDetection::test_proc_macro_crate_detected PASSED [ 89%]
tests/unit/analysis/test_rust_dead_code_regression.py::TestProcMacroCrateDetection::test_non_proc_macro_crate_not_detected PASSED [ 90%]
tests/unit/analysis/test_rust_dead_code_regression.py::TestProcMacroCrateDetection::test_proc_macro_parsed_from_toml PASSED [ 90%]
tests/unit/analysis/test_rust_dead_code_regression.py::TestRustUnusedInternalsSkipped::test_rust_private_function_not_flagged PASSED [ 91%]
tests/unit/analysis/test_rust_dead_code_regression.py::TestRustUnusedInternalsSkipped::test_python_private_function_still_flagged PASSED [ 91%]
tests/unit/analysis/test_rust_dead_code_regression.py::TestProcMacroExemptFromUnusedExports::test_proc_macro_function_not_flagged PASSED [ 91%]
tests/unit/analysis/test_rust_dead_code_regression.py::TestProcMacroExemptFromUnusedExports::test_proc_macro_derive_not_flagged PASSED [ 92%]
tests/unit/analysis/test_rust_dead_code_regression.py::TestProcMacroExemptFromUnusedExports::test_proc_macro_attribute_not_flagged PASSED [ 92%]
tests/unit/analysis/test_rust_dead_code_regression.py::TestProcMacroExemptFromUnusedExports::test_regular_rust_public_function_still_flagged PASSED [ 93%]
tests/unit/analysis/test_ts_never_flag.py::TestTestSpecFiles::test_test_suffix_variants PASSED [ 93%]
tests/unit/analysis/test_ts_never_flag.py::TestTestSpecFiles::test_tests_and_mocks_dirs PASSED [ 94%]
tests/unit/analysis/test_ts_never_flag.py::TestTestSpecFiles::test_ordinary_source_not_flagged PASSED [ 94%]
tests/unit/analysis/test_ts_never_flag.py::TestStoriesAndBench::test_storybook_stories PASSED [ 95%]
tests/unit/analysis/test_ts_never_flag.py::TestStoriesAndBench::test_bench_files PASSED [ 95%]
tests/unit/analysis/test_ts_never_flag.py::TestCodegenAndConvention::test_next_env_and_gen PASSED [ 96%]
tests/unit/analysis/test_ts_never_flag.py::TestCodegenAndConvention::test_next_app_router_conventions PASSED [ 96%]
tests/unit/analysis/test_ts_never_flag.py::TestCodegenAndConvention::test_remix_entries PASSED [ 97%]
tests/unit/analysis/test_ts_never_flag.py::TestCodegenAndConvention::test_sveltekit_conventions PASSED [ 97%]
tests/unit/analysis/test_ts_never_flag.py::TestNeverFlagDoesNotLeak::test_python_not_affected PASSED [ 98%]
tests/unit/analysis/test_ts_never_flag.py::TestNeverFlagDoesNotLeak::test_go_not_affected PASSED [ 98%]
tests/unit/analysis/test_ts_never_flag.py::TestEntryPointSymbolNames::test_nextjs_route_exports_included PASSED [ 99%]
tests/unit/analysis/test_ts_never_flag.py::TestEntryPointSymbolNames::test_remix_route_exports_included PASSED [ 99%]
tests/unit/analysis/test_ts_never_flag.py::TestEntryPointSymbolNames::test_common_names_excluded PASSED [100%]

============================= 212 passed in 3.69s =============================
