============================= test session starts =============================
platform win32 -- Python 3.13.5, pytest-9.0.3, pluggy-1.6.0 -- C:\Users\ragha\Desktop\repowise\.venv\Scripts\python.exe
rootdir: C:\Users\ragha\Desktop\repowise
configfile: pyproject.toml
plugins: anyio-4.13.0, asyncio-1.3.0, cov-7.1.0, respx-0.22.0, time-machine-2.19.0
asyncio: mode=Mode.AUTO, debug=False, asyncio_default_fixture_loop_scope=None, asyncio_default_test_loop_scope=function
collecting ... collected 670 items

tests/unit/analysis/test_change_risk.py::test_score_is_bounded_and_levelled PASSED [  0%]
tests/unit/analysis/test_change_risk.py::test_logit_is_exact_sum_of_driver_contributions PASSED [  0%]
tests/unit/analysis/test_change_risk.py::test_larger_diff_scores_higher PASSED [  0%]
tests/unit/analysis/test_change_risk.py::test_author_experience_is_protective PASSED [  0%]
tests/unit/analysis/test_change_risk.py::test_unknown_experience_is_neutral PASSED [  0%]
tests/unit/analysis/test_change_risk.py::test_top_drivers_sorted_by_magnitude PASSED [  0%]
tests/unit/analysis/test_change_risk.py::test_features_from_file_changes_aggregates_diffusion PASSED [  1%]
tests/unit/analysis/test_change_risk.py::test_extract_commit_features_counts_diffusion PASSED [  1%]
tests/unit/analysis/test_change_risk.py::test_extract_filters_by_extension PASSED [  1%]
tests/unit/analysis/test_change_risk.py::test_author_experience_accrues PASSED [  1%]
tests/unit/analysis/test_change_risk.py::test_extract_range_features_aggregates PASSED [  1%]
tests/unit/analysis/test_change_risk.py::test_score_change_on_real_commit PASSED [  1%]
tests/unit/analysis/test_change_risk_normalize.py::test_empty_distribution_is_low_zero PASSED [  1%]
tests/unit/analysis/test_change_risk_normalize.py::test_none_score_is_neutral PASSED [  2%]
tests/unit/analysis/test_change_risk_normalize.py::test_none_values_dropped_from_distribution PASSED [  2%]
tests/unit/analysis/test_change_risk_normalize.py::test_midrank_percentile_orders_monotonically PASSED [  2%]
tests/unit/analysis/test_change_risk_normalize.py::test_ties_share_one_percentile PASSED [  2%]
tests/unit/analysis/test_change_risk_normalize.py::test_priority_terciles PASSED [  2%]
tests/unit/analysis/test_change_risk_normalize.py::test_priority_is_repo_relative_not_absolute PASSED [  2%]
tests/unit/analysis/test_cpp_reachability.py::TestCppFileReachable::test_in_degree_positive_is_reachable PASSED [  2%]
tests/unit/analysis/test_cpp_reachability.py::TestCppFileReachable::test_main_carrier_is_reachable PASSED [  3%]
tests/unit/analysis/test_cpp_reachability.py::TestCppFileReachable::test_winmain_carrier_is_reachable PASSED [  3%]
tests/unit/analysis/test_cpp_reachability.py::TestCppFileReachable::test_libfuzzer_entry_carrier_is_reachable PASSED [  3%]
tests/unit/analysis/test_cpp_reachability.py::TestCppFileReachable::test_header_with_referenced_symbol_is_reachable PASSED [  3%]
tests/unit/analysis/test_cpp_reachability.py::TestCppFileReachable::test_header_with_implements_edge_is_reachable PASSED [  3%]
tests/unit/analysis/test_cpp_reachability.py::TestCppFileReachable::test_internal_header_rescued_by_sibling_with_importer PASSED [  3%]
tests/unit/analysis/test_cpp_reachability.py::TestCppFileReachable::test_conditional_alt_pair_rescued PASSED [  4%]
tests/unit/analysis/test_cpp_reachability.py::TestCppFileReachable::test_sibling_of_main_file_is_reachable PASSED [  4%]
tests/unit/analysis/test_cpp_reachability.py::TestCppFileReachable::test_orphan_unrelated_header_is_unreachable PASSED [  4%]
tests/unit/analysis/test_cpp_reachability.py::TestCppFileReachable::test_orphan_source_with_no_sibling_signal_is_unreachable PASSED [  4%]
tests/unit/analysis/test_cpp_reachability.py::TestCppNeverFlag::test_apps_tree_never_flagged PASSED [  4%]
tests/unit/analysis/test_cpp_reachability.py::TestCppNeverFlag::test_demos_tree_never_flagged PASSED [  4%]
tests/unit/analysis/test_cpp_reachability.py::TestCppNeverFlag::test_examples_tree_never_flagged PASSED [  4%]
tests/unit/analysis/test_cpp_reachability.py::TestCppNeverFlag::test_benchmarks_tree_never_flagged PASSED [  5%]
tests/unit/analysis/test_cpp_reachability.py::TestCppNeverFlag::test_tools_tree_never_flagged PASSED [  5%]
tests/unit/analysis/test_cpp_reachability.py::TestCppNeverFlag::test_tests_perf_fuzz_unit_manual_never_flagged PASSED [  5%]
tests/unit/analysis/test_cpp_reachability.py::TestCppNeverFlag::test_test_suffix_files_never_flagged PASSED [  5%]
tests/unit/analysis/test_cpp_reachability.py::TestCppNeverFlag::test_port_example_never_flagged PASSED [  5%]
tests/unit/analysis/test_cpp_reachability.py::TestCppNeverFlag::test_generated_qt_protobuf_grpc_globs PASSED [  5%]
tests/unit/analysis/test_cpp_reachability.py::TestCppNeverFlag::test_generated_yacc_flex_swig_globs PASSED [  5%]
tests/unit/analysis/test_cpp_reachability.py::TestCppNeverFlag::test_external_extern_contrib_submodules_globs PASSED [  6%]
tests/unit/analysis/test_cpp_reachability.py::TestCppNeverFlag::test_ordinary_source_not_flagged PASSED [  6%]
tests/unit/analysis/test_cpp_reachability.py::TestCppContractMethods::test_operator_overloads_protected PASSED [  6%]
tests/unit/analysis/test_cpp_reachability.py::TestCppContractMethods::test_stl_customization_points_protected PASSED [  6%]
tests/unit/analysis/test_cpp_reachability.py::TestCppContractMethods::test_coroutine_machinery_protected PASSED [  6%]
tests/unit/analysis/test_cpp_reachability.py::TestCppContractMethods::test_constructor_destructor_protected PASSED [  6%]
tests/unit/analysis/test_cpp_reachability.py::TestCppContractMethods::test_conversion_operator_protected PASSED [  7%]
tests/unit/analysis/test_cpp_reachability.py::TestCppContractMethods::test_unrelated_language_not_protected PASSED [  7%]
tests/unit/analysis/test_cpp_reachability.py::TestCppContractMethods::test_random_user_function_not_protected PASSED [  7%]
tests/unit/analysis/test_cpp_reachability.py::TestCppEntryPointSymbols::test_libfuzzer_entry_recognised PASSED [  7%]
tests/unit/analysis/test_cpp_reachability.py::TestCppEntryPointSymbols::test_windows_main_variants_recognised PASSED [  7%]
tests/unit/analysis/test_cpp_reachability.py::TestCppEndToEnd::test_main_carrier_not_flagged_unreachable PASSED [  7%]
tests/unit/analysis/test_cpp_reachability.py::TestCppEndToEnd::test_public_header_with_type_use_not_flagged_unreachable PASSED [  7%]
tests/unit/analysis/test_cpp_reachability.py::TestCppEndToEnd::test_operator_overload_not_flagged_unused_export PASSED [  8%]
tests/unit/analysis/test_cpp_reachability.py::TestCppEndToEnd::test_apps_tree_never_flag_short_circuits PASSED [  8%]
tests/unit/analysis/test_decision_provenance.py::test_source_rank_ladder_ordering PASSED [  8%]
tests/unit/analysis/test_decision_provenance.py::test_git_archaeology_aliases_commit_rank PASSED [  8%]
tests/unit/analysis/test_decision_provenance.py::test_unknown_source_lowest_rank PASSED [  8%]
tests/unit/analysis/test_decision_provenance.py::test_cli_outranks_adr PASSED [  8%]
tests/unit/analysis/test_decision_provenance.py::test_confidence_rises_with_rank PASSED [  8%]
tests/unit/analysis/test_decision_provenance.py::test_confidence_rises_with_corroboration PASSED [  9%]
tests/unit/analysis/test_decision_provenance.py::test_confidence_decays_for_weak_verification PASSED [  9%]
tests/unit/analysis/test_decision_provenance.py::test_confidence_bounded PASSED [  9%]
tests/unit/analysis/test_decision_provenance.py::test_verify_quote_exact_ignores_whitespace_and_case PASSED [  9%]
tests/unit/analysis/test_decision_provenance.py::test_verify_quote_fuzzy_on_paraphrase PASSED [  9%]
tests/unit/analysis/test_decision_provenance.py::test_verify_quote_unverified_on_hallucination PASSED [  9%]
tests/unit/analysis/test_decision_provenance.py::test_verify_quote_unverified_without_source PASSED [ 10%]
tests/unit/analysis/test_decision_provenance.py::test_gate_keeps_grounded_decision PASSED [ 10%]
tests/unit/analysis/test_decision_provenance.py::test_gate_rejects_fully_hallucinated_decision PASSED [ 10%]
tests/unit/analysis/test_decision_provenance.py::test_gate_drops_only_the_hallucinated_field PASSED [ 10%]
tests/unit/analysis/test_decision_provenance.py::test_gate_keeps_unverifiable_when_no_source_text PASSED [ 10%]
tests/unit/analysis/test_decision_sources.py::test_discover_adrs_parses_nygard_template PASSED [ 10%]
tests/unit/analysis/test_decision_sources.py::test_discover_adrs_maps_superseded_status_from_frontmatter PASSED [ 10%]
tests/unit/analysis/test_decision_sources.py::test_mine_changelog_extracts_decision_sections PASSED [ 11%]
tests/unit/analysis/test_decision_sources.py::test_mine_changelog_finds_changelog_under_docs PASSED [ 11%]
tests/unit/analysis/test_decision_sources.py::test_extract_all_runs_deterministic_sources_and_gates PASSED [ 11%]
tests/unit/analysis/test_go_reachability.py::TestGoReachabilityHelper::test_entry_package_sibling_is_reachable PASSED [ 11%]
tests/unit/analysis/test_go_reachability.py::TestGoReachabilityHelper::test_imported_sibling_makes_package_reachable PASSED [ 11%]
tests/unit/analysis/test_go_reachability.py::TestGoReachabilityHelper::test_orphaned_package_is_unreachable PASSED [ 11%]
tests/unit/analysis/test_go_reachability.py::TestGoReachabilityHelper::test_func_init_alone_does_not_rescue_package PASSED [ 11%]
tests/unit/analysis/test_go_reachability.py::TestGoUnreachableFiles::test_entry_package_helper_not_flagged PASSED [ 12%]
tests/unit/analysis/test_go_reachability.py::TestGoUnreachableFiles::test_orphan_package_still_flagged PASSED [ 12%]
tests/unit/analysis/test_go_reachability.py::TestGoNeverFlagPatterns::test_test_file PASSED [ 12%]
tests/unit/analysis/test_go_reachability.py::TestGoNeverFlagPatterns::test_cmd_main PASSED [ 12%]
tests/unit/analysis/test_go_reachability.py::TestGoNeverFlagPatterns::test_root_main PASSED [ 12%]
tests/unit/analysis/test_go_reachability.py::TestGoNeverFlagPatterns::test_doc_and_docs_stubs PASSED [ 12%]
tests/unit/analysis/test_go_reachability.py::TestGoNeverFlagPatterns::test_magefile PASSED [ 12%]
tests/unit/analysis/test_go_reachability.py::TestGoNeverFlagPatterns::test_generated_code PASSED [ 13%]
tests/unit/analysis/test_go_reachability.py::TestGoNeverFlagPatterns::test_ordinary_go_file_not_flagged PASSED [ 13%]
tests/unit/analysis/test_go_reachability.py::TestGoEntrySymbols::test_init_and_testmain_are_entry_symbols PASSED [ 13%]
tests/unit/analysis/test_go_reachability.py::TestGoDynamicMarkers::test_go_directives_present PASSED [ 13%]
tests/unit/analysis/test_go_reachability.py::TestGoUnusedInternals::test_uncalled_private_go_symbol_is_flagged PASSED [ 13%]
tests/unit/analysis/test_go_reachability.py::TestGoUnusedInternals::test_private_type_kinds_not_flagged_as_internal PASSED [ 13%]
tests/unit/analysis/test_go_reachability.py::TestGoUnusedInternals::test_called_private_go_symbol_not_flagged PASSED [ 14%]
tests/unit/analysis/test_js_never_flag.py::TestJsNeverFlagPatterns::test_bundle_outputs PASSED [ 14%]
tests/unit/analysis/test_js_never_flag.py::TestJsNeverFlagPatterns::test_minified PASSED [ 14%]
tests/unit/analysis/test_js_never_flag.py::TestJsNeverFlagPatterns::test_livereload_generated_and_shim PASSED [ 14%]
tests/unit/analysis/test_js_never_flag.py::TestJsNeverFlagPatterns::test_wasm_exec_glue PASSED [ 14%]
tests/unit/analysis/test_js_never_flag.py::TestJsNeverFlagPatterns::test_ordinary_js_not_flagged PASSED [ 14%]
tests/unit/analysis/test_js_never_flag.py::TestVendoredCNeverFlag::test_deps_vendor_third_party PASSED [ 14%]
tests/unit/analysis/test_js_never_flag.py::TestVendoredCNeverFlag::test_live_c_not_flagged PASSED [ 15%]
tests/unit/analysis/test_jsx_namespace_exempt.py::TestJsxNamespaceExemption::test_intrinsic_elements_in_jsx_namespace_not_flagged PASSED [ 15%]
tests/unit/analysis/test_jsx_namespace_exempt.py::TestJsxNamespaceExemption::test_whitelist_name_outside_jsx_namespace_still_flagged PASSED [ 15%]
tests/unit/analysis/test_jvm_reachability.py::TestJvmFileReachable::test_in_degree_positive_is_reachable PASSED [ 15%]
tests/unit/analysis/test_jvm_reachability.py::TestJvmFileReachable::test_sibling_with_importer_rescues PASSED [ 15%]
tests/unit/analysis/test_jvm_reachability.py::TestJvmFileReachable::test_stereotype_annotated_class_is_reachable PASSED [ 15%]
tests/unit/analysis/test_jvm_reachability.py::TestJvmFileReachable::test_spring_boot_application_is_reachable PASSED [ 15%]
tests/unit/analysis/test_jvm_reachability.py::TestJvmFileReachable::test_main_method_is_reachable PASSED [ 16%]
tests/unit/analysis/test_jvm_reachability.py::TestJvmFileReachable::test_fqn_qualified_annotation_recognised PASSED [ 16%]
tests/unit/analysis/test_jvm_reachability.py::TestJvmFileReachable::test_orphan_non_annotated_class_is_unreachable PASSED [ 16%]
tests/unit/analysis/test_jvm_reachability.py::TestJvmFileReachable::test_kotlin_object_with_companion_main_is_reachable PASSED [ 16%]
tests/unit/analysis/test_jvm_reachability.py::TestJvmNeverFlag::test_module_info_never_flagged PASSED [ 16%]
tests/unit/analysis/test_jvm_reachability.py::TestJvmNeverFlag::test_package_info_never_flagged PASSED [ 16%]
tests/unit/analysis/test_jvm_reachability.py::TestJvmNeverFlag::test_caffeine_test_source_sets_never_flagged PASSED [ 17%]
tests/unit/analysis/test_jvm_reachability.py::TestJvmNeverFlag::test_integration_test_source_set PASSED [ 17%]
tests/unit/analysis/test_jvm_reachability.py::TestJvmNeverFlag::test_test_suffix_files PASSED [ 17%]
tests/unit/analysis/test_jvm_reachability.py::TestJvmNeverFlag::test_generated_roots_never_flagged PASSED [ 17%]
tests/unit/analysis/test_jvm_reachability.py::TestJvmNeverFlag::test_ordinary_main_source_not_flagged PASSED [ 17%]
tests/unit/analysis/test_jvm_reachability.py::TestJvmContractMethods::test_equals_hashcode_protected PASSED [ 17%]
tests/unit/analysis/test_jvm_reachability.py::TestJvmContractMethods::test_serialization_protected PASSED [ 17%]
tests/unit/analysis/test_jvm_reachability.py::TestJvmContractMethods::test_kotlin_data_class_synthesised_protected PASSED [ 18%]
tests/unit/analysis/test_jvm_reachability.py::TestJvmContractMethods::test_enum_helpers_protected PASSED [ 18%]
tests/unit/analysis/test_jvm_reachability.py::TestJvmContractMethods::test_unrelated_language_not_protected PASSED [ 18%]
tests/unit/analysis/test_jvm_reachability.py::TestJvmFrameworkDecorators::test_spring_stereotypes_present PASSED [ 18%]
tests/unit/analysis/test_jvm_reachability.py::TestJvmFrameworkDecorators::test_routing_annotations_present PASSED [ 18%]
tests/unit/analysis/test_jvm_reachability.py::TestJvmFrameworkDecorators::test_test_markers_present PASSED [ 18%]
tests/unit/analysis/test_jvm_reachability.py::TestJvmFrameworkDecorators::test_lifecycle_and_messaging_present PASSED [ 18%]
tests/unit/analysis/test_jvm_reachability.py::TestJvmEndToEnd::test_service_annotated_class_not_flagged_unreachable PASSED [ 19%]
tests/unit/analysis/test_jvm_reachability.py::TestJvmEndToEnd::test_module_info_not_flagged PASSED [ 19%]
tests/unit/analysis/test_jvm_reachability.py::TestJvmEndToEnd::test_private_post_construct_method_not_flagged_internal PASSED [ 19%]
tests/unit/analysis/test_jvm_reachability.py::TestWorkspaceNeverFlag::test_is_never_flag_node_attr_short_circuits_findings PASSED [ 19%]
tests/unit/analysis/test_jvm_reachability.py::TestHeritageEdgeRescue::test_extended_only_class_is_not_unused_export PASSED [ 19%]
tests/unit/analysis/test_jvm_reachability.py::TestHeritageEdgeRescue::test_implemented_only_interface_is_not_unused_export PASSED [ 19%]
tests/unit/analysis/test_jvm_reachability.py::TestHeritageEdgeRescue::test_type_use_only_class_is_not_unused_export PASSED [ 20%]
tests/unit/analysis/test_kg_skip_logic.py::TestKGResultFromFile::test_loads_valid_json PASSED [ 20%]
tests/unit/analysis/test_kg_skip_logic.py::TestKGResultFromFile::test_returns_none_for_missing_file PASSED [ 20%]
tests/unit/analysis/test_kg_skip_logic.py::TestKGResultFromFile::test_returns_none_for_invalid_json PASSED [ 20%]
tests/unit/analysis/test_kg_skip_logic.py::TestKGResultFromFile::test_handles_minimal_json PASSED [ 20%]
tests/unit/analysis/test_kg_skip_logic.py::TestKGResultFromFile::test_fingerprint_not_loaded PASSED [ 20%]
tests/unit/analysis/test_kg_skip_logic.py::TestFingerprintDeterminism::test_same_graph_same_fingerprint PASSED [ 20%]
tests/unit/analysis/test_kg_skip_logic.py::TestFingerprintDeterminism::test_different_nodes_different_fingerprint PASSED [ 21%]
tests/unit/analysis/test_kg_skip_logic.py::TestFingerprintDeterminism::test_different_edges_different_fingerprint PASSED [ 21%]
tests/unit/analysis/test_kg_skip_logic.py::TestFingerprintDeterminism::test_different_communities_different_fingerprint PASSED [ 21%]
tests/unit/analysis/test_kg_skip_logic.py::TestSkipLogicUnit::test_skip_when_fingerprint_matches PASSED [ 21%]
tests/unit/analysis/test_kg_skip_logic.py::TestSkipLogicUnit::test_regenerate_when_fingerprint_differs PASSED [ 21%]
tests/unit/analysis/test_kg_skip_logic.py::TestSkipLogicUnit::test_force_bypasses_fingerprint PASSED [ 21%]
tests/unit/analysis/test_kg_skip_logic.py::TestSkipLogicUnit::test_skip_fails_gracefully_if_file_missing PASSED [ 21%]
tests/unit/analysis/test_kg_skip_logic.py::TestSkipLogicUnit::test_skip_fails_gracefully_if_file_corrupt PASSED [ 22%]
tests/unit/analysis/test_knowledge_graph.py::TestSkeletonBuilder::test_builds_file_nodes PASSED [ 22%]
tests/unit/analysis/test_knowledge_graph.py::TestSkeletonBuilder::test_builds_all_node_types PASSED [ 22%]
tests/unit/analysis/test_knowledge_graph.py::TestSkeletonBuilder::test_test_file_tagged PASSED [ 22%]
tests/unit/analysis/test_knowledge_graph.py::TestSkeletonBuilder::test_entry_point_tagged PASSED [ 22%]
tests/unit/analysis/test_knowledge_graph.py::TestSkeletonBuilder::test_builds_import_edges PASSED [ 22%]
tests/unit/analysis/test_knowledge_graph.py::TestSkeletonBuilder::test_tested_by_edges PASSED [ 22%]
tests/unit/analysis/test_knowledge_graph.py::TestSkeletonBuilder::test_builds_layers_from_communities PASSED [ 23%]
tests/unit/analysis/test_knowledge_graph.py::TestSkeletonBuilder::test_layers_contain_node_ids PASSED [ 23%]
tests/unit/analysis/test_knowledge_graph.py::TestSkeletonBuilder::test_no_communities_gives_empty_layers PASSED [ 23%]
tests/unit/analysis/test_knowledge_graph.py::TestSkeletonBuilder::test_project_metadata PASSED [ 23%]
tests/unit/analysis/test_knowledge_graph.py::TestComplexityClassification::test_simple PASSED [ 23%]
tests/unit/analysis/test_knowledge_graph.py::TestComplexityClassification::test_moderate PASSED [ 23%]
tests/unit/analysis/test_knowledge_graph.py::TestComplexityClassification::test_complex_by_symbols PASSED [ 24%]
tests/unit/analysis/test_knowledge_graph.py::TestComplexityClassification::test_complex_by_lines PASSED [ 24%]
tests/unit/analysis/test_knowledge_graph.py::TestComplexityClassification::test_edge_simple PASSED [ 24%]
tests/unit/analysis/test_knowledge_graph.py::TestComplexityClassification::test_edge_complex PASSED [ 24%]
tests/unit/analysis/test_knowledge_graph.py::TestFileTypeClassification::test_python_file PASSED [ 24%]
tests/unit/analysis/test_knowledge_graph.py::TestFileTypeClassification::test_config_by_extension PASSED [ 24%]
tests/unit/analysis/test_knowledge_graph.py::TestFileTypeClassification::test_config_by_flag PASSED [ 24%]
tests/unit/analysis/test_knowledge_graph.py::TestFileTypeClassification::test_dockerfile PASSED [ 25%]
tests/unit/analysis/test_knowledge_graph.py::TestFileTypeClassification::test_markdown PASSED [ 25%]
tests/unit/analysis/test_knowledge_graph.py::TestFileTypeClassification::test_makefile PASSED [ 25%]
tests/unit/analysis/test_knowledge_graph.py::TestSlugify::test_normal PASSED [ 25%]
tests/unit/analysis/test_knowledge_graph.py::TestSlugify::test_special_chars PASSED [ 25%]
tests/unit/analysis/test_knowledge_graph.py::TestSlugify::test_empty PASSED [ 25%]
tests/unit/analysis/test_knowledge_graph.py::TestFingerprint::test_stability PASSED [ 25%]
tests/unit/analysis/test_knowledge_graph.py::TestFingerprint::test_changes_on_graph_change PASSED [ 26%]
tests/unit/analysis/test_knowledge_graph.py::TestFingerprint::test_length PASSED [ 26%]
tests/unit/analysis/test_knowledge_graph.py::TestToDict::test_schema PASSED [ 26%]
tests/unit/analysis/test_knowledge_graph.py::TestToDict::test_roundtrip_json PASSED [ 26%]
tests/unit/analysis/test_rust_dead_code_regression.py::TestRustNeverFlagPatterns::test_build_rs_never_flagged PASSED [ 26%]
tests/unit/analysis/test_rust_dead_code_regression.py::TestRustNeverFlagPatterns::test_examples_never_flagged PASSED [ 26%]
tests/unit/analysis/test_rust_dead_code_regression.py::TestRustNeverFlagPatterns::test_benches_never_flagged PASSED [ 27%]
tests/unit/analysis/test_rust_dead_code_regression.py::TestRustNeverFlagPatterns::test_tests_dir_never_flagged PASSED [ 27%]
tests/unit/analysis/test_rust_dead_code_regression.py::TestRustNeverFlagPatterns::test_bin_target_never_flagged PASSED [ 27%]
tests/unit/analysis/test_rust_dead_code_regression.py::TestRustNeverFlagPatterns::test_fuzz_target_never_flagged PASSED [ 27%]
tests/unit/analysis/test_rust_dead_code_regression.py::TestRustNeverPackageDirs::test_tests_dir_excluded PASSED [ 27%]
tests/unit/analysis/test_rust_dead_code_regression.py::TestRustNeverPackageDirs::test_benches_dir_excluded PASSED [ 27%]
tests/unit/analysis/test_rust_dead_code_regression.py::TestRustNeverPackageDirs::test_fuzz_dir_excluded PASSED [ 27%]
tests/unit/analysis/test_rust_dead_code_regression.py::TestRustDynamicMarkers::test_proc_macro_detected PASSED [ 28%]
tests/unit/analysis/test_rust_dead_code_regression.py::TestRustDynamicMarkers::test_doc_hidden_detected PASSED [ 28%]
tests/unit/analysis/test_rust_dead_code_regression.py::TestProcMacroCrateDetection::test_proc_macro_crate_detected PASSED [ 28%]
tests/unit/analysis/test_rust_dead_code_regression.py::TestProcMacroCrateDetection::test_non_proc_macro_crate_not_detected PASSED [ 28%]
tests/unit/analysis/test_rust_dead_code_regression.py::TestProcMacroCrateDetection::test_proc_macro_parsed_from_toml PASSED [ 28%]
tests/unit/analysis/test_rust_dead_code_regression.py::TestRustUnusedInternalsSkipped::test_rust_private_function_not_flagged PASSED [ 28%]
tests/unit/analysis/test_rust_dead_code_regression.py::TestRustUnusedInternalsSkipped::test_python_private_function_still_flagged PASSED [ 28%]
tests/unit/analysis/test_rust_dead_code_regression.py::TestProcMacroExemptFromUnusedExports::test_proc_macro_function_not_flagged PASSED [ 29%]
tests/unit/analysis/test_rust_dead_code_regression.py::TestProcMacroExemptFromUnusedExports::test_proc_macro_derive_not_flagged PASSED [ 29%]
tests/unit/analysis/test_rust_dead_code_regression.py::TestProcMacroExemptFromUnusedExports::test_proc_macro_attribute_not_flagged PASSED [ 29%]
tests/unit/analysis/test_rust_dead_code_regression.py::TestProcMacroExemptFromUnusedExports::test_regular_rust_public_function_still_flagged PASSED [ 29%]
tests/unit/analysis/test_ts_never_flag.py::TestTestSpecFiles::test_test_suffix_variants PASSED [ 29%]
tests/unit/analysis/test_ts_never_flag.py::TestTestSpecFiles::test_tests_and_mocks_dirs PASSED [ 29%]
tests/unit/analysis/test_ts_never_flag.py::TestTestSpecFiles::test_ordinary_source_not_flagged PASSED [ 30%]
tests/unit/analysis/test_ts_never_flag.py::TestStoriesAndBench::test_storybook_stories PASSED [ 30%]
tests/unit/analysis/test_ts_never_flag.py::TestStoriesAndBench::test_bench_files PASSED [ 30%]
tests/unit/analysis/test_ts_never_flag.py::TestCodegenAndConvention::test_next_env_and_gen PASSED [ 30%]
tests/unit/analysis/test_ts_never_flag.py::TestCodegenAndConvention::test_next_app_router_conventions PASSED [ 30%]
tests/unit/analysis/test_ts_never_flag.py::TestCodegenAndConvention::test_remix_entries PASSED [ 30%]
tests/unit/analysis/test_ts_never_flag.py::TestCodegenAndConvention::test_sveltekit_conventions PASSED [ 30%]
tests/unit/analysis/test_ts_never_flag.py::TestNeverFlagDoesNotLeak::test_python_not_affected PASSED [ 31%]
tests/unit/analysis/test_ts_never_flag.py::TestNeverFlagDoesNotLeak::test_go_not_affected PASSED [ 31%]
tests/unit/analysis/test_ts_never_flag.py::TestEntryPointSymbolNames::test_nextjs_route_exports_included PASSED [ 31%]
tests/unit/analysis/test_ts_never_flag.py::TestEntryPointSymbolNames::test_remix_route_exports_included PASSED [ 31%]
tests/unit/analysis/test_ts_never_flag.py::TestEntryPointSymbolNames::test_common_names_excluded PASSED [ 31%]
tests/unit/generation/test_agents_md.py::test_agents_md_renders_repowise_workflows PASSED [ 31%]
tests/unit/generation/test_agents_md.py::test_agents_md_writes_repo_root_file PASSED [ 31%]
tests/unit/generation/test_agents_md.py::test_agents_md_preserves_user_content PASSED [ 32%]
tests/unit/generation/test_agents_md.py::test_agents_md_replaces_only_managed_section PASSED [ 32%]
tests/unit/generation/test_api_contract_detector.py::test_detects_fastapi_router_via_import PASSED [ 32%]
tests/unit/generation/test_api_contract_detector.py::test_detects_fastapi_via_method_decorator PASSED [ 32%]
tests/unit/generation/test_api_contract_detector.py::test_skips_python_file_without_fastapi PASSED [ 32%]
tests/unit/generation/test_api_contract_detector.py::test_detects_aspnet_controller_via_inheritance PASSED [ 32%]
tests/unit/generation/test_api_contract_detector.py::test_detects_aspnet_controller_via_attribute PASSED [ 32%]
tests/unit/generation/test_api_contract_detector.py::test_already_flagged_file_is_untouched PASSED [ 33%]
tests/unit/generation/test_api_contract_detector.py::test_unknown_language_skipped PASSED [ 33%]
tests/unit/generation/test_categories.py::test_doc_files PASSED          [ 33%]
tests/unit/generation/test_categories.py::test_pipeline_files PASSED     [ 33%]
tests/unit/generation/test_categories.py::test_data_files PASSED         [ 33%]
tests/unit/generation/test_categories.py::test_config_files PASSED       [ 33%]
tests/unit/generation/test_categories.py::test_code_default PASSED       [ 34%]
tests/unit/generation/test_categories.py::test_resolution_order_doc_beats_pipeline PASSED [ 34%]
tests/unit/generation/test_context_assembler.py::test_estimate_tokens_empty_string PASSED [ 34%]
tests/unit/generation/test_context_assembler.py::test_estimate_tokens_known_string PASSED [ 34%]
tests/unit/generation/test_context_assembler.py::test_estimate_tokens_short_string PASSED [ 34%]
tests/unit/generation/test_context_assembler.py::test_trim_to_budget_long_text_truncated PASSED [ 34%]
tests/unit/generation/test_context_assembler.py::test_trim_to_budget_short_text_unchanged PASSED [ 34%]
tests/unit/generation/test_context_assembler.py::test_trim_to_budget_zero_remaining PASSED [ 35%]
tests/unit/generation/test_context_assembler.py::test_assemble_file_page_returns_context PASSED [ 35%]
tests/unit/generation/test_context_assembler.py::test_assemble_file_page_dependents_from_graph PASSED [ 35%]
tests/unit/generation/test_context_assembler.py::test_assemble_file_page_dependencies_from_graph PASSED [ 35%]
tests/unit/generation/test_context_assembler.py::test_assemble_file_page_token_budget_respected PASSED [ 35%]
tests/unit/generation/test_context_assembler.py::test_assemble_file_page_private_undocumented_dropped_first PASSED [ 35%]
tests/unit/generation/test_context_assembler.py::test_assemble_symbol_spotlight_callers PASSED [ 35%]
tests/unit/generation/test_context_assembler.py::test_assemble_symbol_spotlight_no_callers PASSED [ 36%]
tests/unit/generation/test_context_assembler.py::test_assemble_module_page_total_symbols PASSED [ 36%]
tests/unit/generation/test_context_assembler.py::test_assemble_module_page_public_symbols PASSED [ 36%]
tests/unit/generation/test_context_assembler.py::test_assemble_scc_page_cycle_description_contains_files PASSED [ 36%]
tests/unit/generation/test_context_assembler.py::test_assemble_repo_overview_top_files_sorted PASSED [ 36%]
tests/unit/generation/test_context_assembler.py::test_assemble_repo_overview_circular_dep_count PASSED [ 36%]
tests/unit/generation/test_context_assembler.py::test_assemble_file_page_threads_decision_records PASSED [ 37%]
tests/unit/generation/test_context_assembler.py::test_assemble_module_page_threads_phase2_signals PASSED [ 37%]
tests/unit/generation/test_context_assembler.py::test_assemble_repo_overview_threads_external_systems_and_decisions PASSED [ 37%]
tests/unit/generation/test_context_assembler.py::test_assemble_api_contract_raw_content_budgeted PASSED [ 37%]
tests/unit/generation/test_context_assembler.py::test_assemble_api_contract_language_matches PASSED [ 37%]
tests/unit/generation/test_decision_harvest.py::test_parse_strips_fence_and_returns_payload PASSED [ 37%]
tests/unit/generation/test_decision_harvest.py::test_parse_no_fence_is_passthrough PASSED [ 37%]
tests/unit/generation/test_decision_harvest.py::test_parse_malformed_json_does_not_corrupt_page PASSED [ 38%]
tests/unit/generation/test_decision_harvest.py::test_parse_drops_titleless_items PASSED [ 38%]
tests/unit/generation/test_decision_harvest.py::test_grounded_decision_is_kept_as_llm_inferred PASSED [ 38%]
tests/unit/generation/test_decision_harvest.py::test_hallucinated_decision_is_rejected PASSED [ 38%]
tests/unit/generation/test_decision_harvest.py::test_partial_hallucination_drops_only_ungrounded_fields PASSED [ 38%]
tests/unit/generation/test_decision_harvest.py::test_no_fence_yields_no_decisions PASSED [ 38%]
tests/unit/generation/test_decision_harvest.py::test_directive_appended_when_harvest_enabled PASSED [ 38%]
tests/unit/generation/test_decision_harvest.py::test_directive_absent_when_harvest_disabled PASSED [ 39%]
tests/unit/generation/test_decision_harvest.py::test_directive_not_added_to_non_harvestable_page_type PASSED [ 39%]
tests/unit/generation/test_editor_file_base.py::test_render_returns_non_empty_string PASSED [ 39%]
tests/unit/generation/test_editor_file_base.py::test_render_contains_repo_name PASSED [ 39%]
tests/unit/generation/test_editor_file_base.py::test_write_creates_new_file PASSED [ 39%]
tests/unit/generation/test_editor_file_base.py::test_write_new_file_has_correct_structure PASSED [ 39%]
tests/unit/generation/test_editor_file_base.py::test_write_preserves_user_content_when_no_markers PASSED [ 40%]
tests/unit/generation/test_editor_file_base.py::test_write_appends_when_no_markers PASSED [ 40%]
tests/unit/generation/test_editor_file_base.py::test_write_replaces_between_markers PASSED [ 40%]
tests/unit/generation/test_editor_file_base.py::test_write_replaces_only_managed_section PASSED [ 40%]
tests/unit/generation/test_editor_file_base.py::test_write_is_idempotent PASSED [ 40%]
tests/unit/generation/test_editor_file_base.py::test_write_returns_path PASSED [ 40%]
tests/unit/generation/test_editor_file_base.py::test_render_full_matches_write_output PASSED [ 40%]
tests/unit/generation/test_editor_file_fetcher.py::test_fetch_empty_db_returns_defaults PASSED [ 41%]
tests/unit/generation/test_editor_file_fetcher.py::test_fetch_repo_name PASSED [ 41%]
tests/unit/generation/test_editor_file_fetcher.py::test_fetch_architecture_summary PASSED [ 41%]
tests/unit/generation/test_editor_file_fetcher.py::test_fetch_entry_points PASSED [ 41%]
tests/unit/generation/test_editor_file_fetcher.py::test_fetch_entry_points_sorted_by_pagerank PASSED [ 41%]
tests/unit/generation/test_editor_file_fetcher.py::test_fetch_hotspots PASSED [ 41%]
tests/unit/generation/test_editor_file_fetcher.py::test_fetch_active_decisions_only PASSED [ 41%]
tests/unit/generation/test_editor_file_fetcher.py::test_fetch_avg_confidence PASSED [ 42%]
tests/unit/generation/test_editor_file_fetcher.py::test_fetch_indexed_at_is_date_string PASSED [ 42%]
tests/unit/generation/test_interlinking.py::test_resolve_links_for_file_reference PASSED [ 42%]
tests/unit/generation/test_interlinking.py::test_dedup_same_target_referenced_multiple_times PASSED [ 42%]
tests/unit/generation/test_interlinking.py::test_self_reference_excluded PASSED [ 42%]
tests/unit/generation/test_interlinking.py::test_unresolved_refs_are_dropped_silently PASSED [ 42%]
tests/unit/generation/test_interlinking.py::test_index_resolves_basename_when_unique PASSED [ 42%]
tests/unit/generation/test_interlinking.py::test_link_index_build_returns_expected_keys PASSED [ 43%]
tests/unit/generation/test_job_system.py::test_create_job_returns_uuid PASSED [ 43%]
tests/unit/generation/test_job_system.py::test_create_job_writes_json_file PASSED [ 43%]
tests/unit/generation/test_job_system.py::test_create_job_status_is_pending PASSED [ 43%]
tests/unit/generation/test_job_system.py::test_start_job_sets_running PASSED [ 43%]
tests/unit/generation/test_job_system.py::test_start_job_stores_total_pages PASSED [ 43%]
tests/unit/generation/test_job_system.py::test_complete_page_increments_count PASSED [ 44%]
tests/unit/generation/test_job_system.py::test_complete_page_idempotent PASSED [ 44%]
tests/unit/generation/test_job_system.py::test_complete_page_json_persisted PASSED [ 44%]
tests/unit/generation/test_job_system.py::test_fail_page_increments_failed PASSED [ 44%]
tests/unit/generation/test_job_system.py::test_fail_page_job_stays_running PASSED [ 44%]
tests/unit/generation/test_job_system.py::test_complete_job_sets_completed PASSED [ 44%]
tests/unit/generation/test_job_system.py::test_fail_job_stores_error_message PASSED [ 44%]
tests/unit/generation/test_job_system.py::test_pause_job_sets_paused PASSED [ 45%]
tests/unit/generation/test_job_system.py::test_resume_job_sets_running PASSED [ 45%]
tests/unit/generation/test_job_system.py::test_resume_job_returns_checkpoint PASSED [ 45%]
tests/unit/generation/test_job_system.py::test_invalid_transition_raises_value_error PASSED [ 45%]
tests/unit/generation/test_job_system.py::test_json_round_trip_persistence PASSED [ 45%]
tests/unit/generation/test_job_system.py::test_list_jobs_sorted_by_created_at_desc PASSED [ 45%]
tests/unit/generation/test_job_system.py::test_list_jobs_returns_all PASSED [ 45%]
tests/unit/generation/test_job_system.py::test_get_completed_page_ids_correct_set PASSED [ 46%]
tests/unit/generation/test_kg_aware_file_pages.py::TestFilePageContextWithKG::test_kg_fields_populated PASSED [ 46%]
tests/unit/generation/test_kg_aware_file_pages.py::TestFilePageContextWithKG::test_kg_fields_empty_without_context PASSED [ 46%]
tests/unit/generation/test_kg_aware_file_pages.py::TestFilePageContextWithKG::test_kg_fields_with_none_context PASSED [ 46%]
tests/unit/generation/test_kg_aware_file_pages.py::TestFilePageContextWithKG::test_kg_entry_point_role PASSED [ 46%]
tests/unit/generation/test_kg_aware_file_pages.py::TestFilePageContextWithKG::test_kg_internal_role PASSED [ 46%]
tests/unit/generation/test_kg_aware_file_pages.py::TestFilePageContextWithKG::test_kg_no_tour_step PASSED [ 47%]
tests/unit/generation/test_kg_aware_file_pages.py::TestFilePageContextWithKG::test_kg_empty_neighbors PASSED [ 47%]
tests/unit/generation/test_kg_aware_file_pages.py::TestTokenBudgetWithKG::test_kg_reserves_budget PASSED [ 47%]
tests/unit/generation/test_kg_aware_file_pages.py::TestTokenBudgetWithKG::test_kg_budget_does_not_exceed_800 PASSED [ 47%]
tests/unit/generation/test_kg_aware_file_pages.py::TestFilePageTemplate::test_tier1_template_renders_kg_layer PASSED [ 47%]
tests/unit/generation/test_kg_aware_file_pages.py::TestFilePageTemplate::test_tier1_template_entry_point_role PASSED [ 47%]
tests/unit/generation/test_kg_aware_file_pages.py::TestFilePageTemplate::test_tier1_template_no_kg PASSED [ 47%]
tests/unit/generation/test_kg_aware_file_pages.py::TestFilePageTemplate::test_tier1_template_kg_signals PASSED [ 48%]
tests/unit/generation/test_kg_aware_file_pages.py::TestFilePageTemplate::test_tier2_template_renders_kg_layer PASSED [ 48%]
tests/unit/generation/test_kg_aware_file_pages.py::TestFilePageTemplate::test_tier2_template_no_kg PASSED [ 48%]
tests/unit/generation/test_kg_aware_file_pages.py::TestFilePageTemplate::test_tier1_cross_layer_neighbor PASSED [ 48%]
tests/unit/generation/test_kg_claude_md_onboarding.py::TestClaudeMdKGSection::test_renders_layers_when_present PASSED [ 48%]
tests/unit/generation/test_kg_claude_md_onboarding.py::TestClaudeMdKGSection::test_no_layers_section_without_data PASSED [ 48%]
tests/unit/generation/test_kg_claude_md_onboarding.py::TestClaudeMdKGSection::test_renders_tour_when_present PASSED [ 48%]
tests/unit/generation/test_kg_claude_md_onboarding.py::TestClaudeMdKGSection::test_no_tour_section_without_data PASSED [ 49%]
tests/unit/generation/test_kg_claude_md_onboarding.py::TestClaudeMdKGSection::test_tour_truncates_at_6 PASSED [ 49%]
tests/unit/generation/test_kg_claude_md_onboarding.py::TestOnboardingSignalsKG::test_signals_carry_kg_data PASSED [ 49%]
tests/unit/generation/test_kg_claude_md_onboarding.py::TestOnboardingSignalsKG::test_signals_default_empty PASSED [ 49%]
tests/unit/generation/test_kg_claude_md_onboarding.py::TestHowItWorksWithTour::test_tour_steps_in_context PASSED [ 49%]
tests/unit/generation/test_kg_claude_md_onboarding.py::TestHowItWorksWithTour::test_template_renders_tour PASSED [ 49%]
tests/unit/generation/test_kg_claude_md_onboarding.py::TestHowItWorksWithTour::test_template_no_tour_no_flows PASSED [ 50%]
tests/unit/generation/test_kg_claude_md_onboarding.py::TestHowItWorksWithTour::test_build_gate_passes_with_tour_only PASSED [ 50%]
tests/unit/generation/test_kg_claude_md_onboarding.py::TestHowItWorksWithTour::test_build_gate_fails_module_no_tour_no_flows PASSED [ 50%]
tests/unit/generation/test_kg_claude_md_onboarding.py::TestCodebaseMapWithLayers::test_layers_in_context PASSED [ 50%]
tests/unit/generation/test_kg_claude_md_onboarding.py::TestCodebaseMapWithLayers::test_template_renders_layers PASSED [ 50%]
tests/unit/generation/test_kg_claude_md_onboarding.py::TestCodebaseMapWithLayers::test_template_no_layers_section PASSED [ 50%]
tests/unit/generation/test_kg_claude_md_onboarding.py::TestKGContextGetTour::test_get_tour_returns_tour PASSED [ 50%]
tests/unit/generation/test_kg_claude_md_onboarding.py::TestKGContextGetTour::test_get_tour_unavailable PASSED [ 51%]
tests/unit/generation/test_kg_context.py::TestLoad::test_load_and_available PASSED [ 51%]
tests/unit/generation/test_kg_context.py::TestLoad::test_nonexistent_path PASSED [ 51%]
tests/unit/generation/test_kg_context.py::TestLoad::test_none_path PASSED [ 51%]
tests/unit/generation/test_kg_context.py::TestLoad::test_malformed_json PASSED [ 51%]
tests/unit/generation/test_kg_context.py::TestGetFileContext::test_entry_point_role PASSED [ 51%]
tests/unit/generation/test_kg_context.py::TestGetFileContext::test_edge_connector_role PASSED [ 51%]
tests/unit/generation/test_kg_context.py::TestGetFileContext::test_internal_role PASSED [ 52%]
tests/unit/generation/test_kg_context.py::TestGetFileContext::test_tour_step PASSED [ 52%]
tests/unit/generation/test_kg_context.py::TestGetFileContext::test_no_tour_step PASSED [ 52%]
tests/unit/generation/test_kg_context.py::TestGetFileContext::test_tags PASSED [ 52%]
tests/unit/generation/test_kg_context.py::TestGetFileContext::test_node_summary PASSED [ 52%]
tests/unit/generation/test_kg_context.py::TestGetFileContext::test_neighbors PASSED [ 52%]
tests/unit/generation/test_kg_context.py::TestGetFileContext::test_cross_layer_neighbor PASSED [ 52%]
tests/unit/generation/test_kg_context.py::TestGetFileContext::test_missing_file PASSED [ 53%]
tests/unit/generation/test_kg_context.py::TestGetFileContext::test_unavailable_returns_none PASSED [ 53%]
tests/unit/generation/test_kg_context.py::TestTourValidation::test_deleted_file_excluded_from_tour PASSED [ 53%]
tests/unit/generation/test_kg_context.py::TestLayers::test_get_layers PASSED [ 53%]
tests/unit/generation/test_kg_context.py::TestLayers::test_get_layers_unavailable PASSED [ 53%]
tests/unit/generation/test_kg_context.py::TestInterLayerEdges::test_deps_out PASSED [ 53%]
tests/unit/generation/test_kg_context.py::TestInterLayerEdges::test_deps_in PASSED [ 54%]
tests/unit/generation/test_kg_context.py::TestInterLayerEdges::test_no_cross_layer_edges PASSED [ 54%]
tests/unit/generation/test_kg_enrichment.py::TestEnrichTourWithWikiLinks::test_adds_wiki_page_ids PASSED [ 54%]
tests/unit/generation/test_kg_enrichment.py::TestEnrichTourWithWikiLinks::test_missing_pages_get_empty_list PASSED [ 54%]
tests/unit/generation/test_kg_enrichment.py::TestEnrichTourWithWikiLinks::test_preserves_existing_kg_data PASSED [ 54%]
tests/unit/generation/test_kg_enrichment.py::TestEnrichTourWithWikiLinks::test_multiple_files_in_step PASSED [ 54%]
tests/unit/generation/test_kg_enrichment.py::TestEnrichTourWithWikiLinks::test_non_file_node_ids_skipped PASSED [ 54%]
tests/unit/generation/test_kg_enrichment.py::TestEnrichTourWithWikiLinks::test_empty_tour_returns_zero PASSED [ 55%]
tests/unit/generation/test_kg_enrichment.py::TestEnrichTourWithWikiLinks::test_invalid_json_returns_zero PASSED [ 55%]
tests/unit/generation/test_kg_enrichment.py::TestEnrichTourWithWikiLinks::test_missing_file_returns_zero PASSED [ 55%]
tests/unit/generation/test_kg_enrichment.py::TestEnrichTourWithWikiLinks::test_idempotent PASSED [ 55%]
tests/unit/generation/test_kg_enrichment.py::TestOnboardingPrerequisites::test_all_slots_have_prerequisites PASSED [ 55%]
tests/unit/generation/test_kg_enrichment.py::TestOnboardingPrerequisites::test_root_slots_have_no_prerequisites PASSED [ 55%]
tests/unit/generation/test_kg_enrichment.py::TestOnboardingPrerequisites::test_downstream_slots_reference_valid_slots PASSED [ 55%]
tests/unit/generation/test_kg_enrichment.py::TestOnboardingPrerequisites::test_no_circular_prerequisites PASSED [ 56%]
tests/unit/generation/test_kg_enrichment.py::TestOnboardingPrerequisites::test_prerequisites_respect_ordering PASSED [ 56%]
tests/unit/generation/test_kg_enrichment.py::TestOnboardingPrerequisites::test_active_landscape_depends_on_codebase_map PASSED [ 56%]
tests/unit/generation/test_kg_enrichment.py::TestOnboardingPrerequisites::test_how_it_works_depends_on_key_concepts PASSED [ 56%]
tests/unit/generation/test_kg_prioritization.py::TestScoreFileKGBonus::test_tour_file_scores_higher PASSED [ 56%]
tests/unit/generation/test_kg_prioritization.py::TestScoreFileKGBonus::test_edge_connector_scores_higher PASSED [ 56%]
tests/unit/generation/test_kg_prioritization.py::TestScoreFileKGBonus::test_combined_tour_and_edge_connector PASSED [ 57%]
tests/unit/generation/test_kg_prioritization.py::TestScoreFileKGBonus::test_zero_kg_bonus_no_change PASSED [ 57%]
tests/unit/generation/test_kg_prioritization.py::TestScoreFileKGBonus::test_kg_bonus_before_test_penalty PASSED [ 57%]
tests/unit/generation/test_kg_prioritization.py::TestTieringWithKGScores::test_tour_file_promoted_to_tier1 PASSED [ 57%]
tests/unit/generation/test_kg_prioritization.py::TestTieringWithKGScores::test_no_kg_scores_uses_pagerank_only PASSED [ 57%]
tests/unit/generation/test_kg_prioritization.py::TestTieringWithKGScores::test_kg_scores_none PASSED [ 57%]
tests/unit/generation/test_kg_prioritization.py::TestTieringWithKGScores::test_all_tier1_ignores_kg_scores PASSED [ 57%]
tests/unit/generation/test_kg_prioritization.py::TestTieringWithKGScores::test_equal_pagerank_kg_breaks_tie PASSED [ 58%]
tests/unit/generation/test_kg_prioritization.py::TestComputeKGFileScores::test_tour_file_gets_bonus PASSED [ 58%]
tests/unit/generation/test_kg_prioritization.py::TestComputeKGFileScores::test_edge_connector_gets_bonus PASSED [ 58%]
tests/unit/generation/test_kg_prioritization.py::TestComputeKGFileScores::test_unavailable_kg_returns_empty PASSED [ 58%]
tests/unit/generation/test_kg_prioritization.py::TestComputeKGFileScores::test_tour_plus_edge_connector PASSED [ 58%]
tests/unit/generation/test_knowledge_graph_enrichment.py::TestEnrichLayers::test_enriches_layer_names PASSED [ 58%]
tests/unit/generation/test_knowledge_graph_enrichment.py::TestEnrichLayers::test_falls_back_on_llm_failure PASSED [ 58%]
tests/unit/generation/test_knowledge_graph_enrichment.py::TestEnrichLayers::test_falls_back_on_invalid_json PASSED [ 59%]
tests/unit/generation/test_knowledge_graph_enrichment.py::TestEnrichLayers::test_empty_layers_no_crash PASSED [ 59%]
tests/unit/generation/test_knowledge_graph_enrichment.py::TestTourGeneration::test_tour_generated_from_llm PASSED [ 59%]
tests/unit/generation/test_knowledge_graph_enrichment.py::TestTourGeneration::test_tour_fallback_on_failure PASSED [ 59%]
tests/unit/generation/test_knowledge_graph_enrichment.py::TestDeterministicTour::test_basic_tour PASSED [ 59%]
tests/unit/generation/test_knowledge_graph_enrichment.py::TestDeterministicTour::test_no_entry_points PASSED [ 59%]
tests/unit/generation/test_knowledge_graph_enrichment.py::TestDeterministicTour::test_empty_layers PASSED [ 60%]
tests/unit/generation/test_knowledge_graph_enrichment.py::TestSummaryBackfill::test_populates_summaries PASSED [ 60%]
tests/unit/generation/test_knowledge_graph_enrichment.py::TestSummaryBackfill::test_does_not_overwrite_existing PASSED [ 60%]
tests/unit/generation/test_knowledge_graph_enrichment.py::TestSummaryBackfill::test_handles_no_pages PASSED [ 60%]
tests/unit/generation/test_knowledge_graph_enrichment.py::TestParseJsonResponse::test_plain_json PASSED [ 60%]
tests/unit/generation/test_knowledge_graph_enrichment.py::TestParseJsonResponse::test_markdown_fenced PASSED [ 60%]
tests/unit/generation/test_knowledge_graph_enrichment.py::TestParseJsonResponse::test_json_with_preamble PASSED [ 60%]
tests/unit/generation/test_knowledge_graph_enrichment.py::TestParseJsonResponse::test_invalid_returns_none PASSED [ 61%]
tests/unit/generation/test_knowledge_graph_enrichment.py::TestParseJsonResponse::test_empty_string PASSED [ 61%]
tests/unit/generation/test_layer_pages.py::TestLayerPageModel::test_layer_page_in_page_type PASSED [ 61%]
tests/unit/generation/test_layer_pages.py::TestLayerPageModel::test_layer_page_generation_level PASSED [ 61%]
tests/unit/generation/test_layer_pages.py::TestLayerPageModel::test_layer_page_after_module_before_overview PASSED [ 61%]
tests/unit/generation/test_layer_pages.py::TestLayerPageContext::test_basic_construction PASSED [ 61%]
tests/unit/generation/test_layer_pages.py::TestLayerPageContext::test_full_construction PASSED [ 61%]
tests/unit/generation/test_layer_pages.py::TestLayerPageTemplate::test_renders_layer_name PASSED [ 62%]
tests/unit/generation/test_layer_pages.py::TestLayerPageTemplate::test_renders_key_files PASSED [ 62%]
tests/unit/generation/test_layer_pages.py::TestLayerPageTemplate::test_renders_inter_layer_deps PASSED [ 62%]
tests/unit/generation/test_layer_pages.py::TestLayerPageTemplate::test_renders_tour_steps PASSED [ 62%]
tests/unit/generation/test_layer_pages.py::TestLayerPageTemplate::test_renders_entry_points_and_connectors PASSED [ 62%]
tests/unit/generation/test_layer_pages.py::TestLayerPageTemplate::test_no_optional_sections_when_empty PASSED [ 62%]
tests/unit/generation/test_layer_pages.py::TestLayerPagePrompt::test_prompt_exists PASSED [ 62%]
tests/unit/generation/test_layer_pages.py::TestBuildLevel5Coros::test_generates_for_layer_with_enough_files PASSED [ 63%]
tests/unit/generation/test_layer_pages.py::TestBuildLevel5Coros::test_skips_small_layers PASSED [ 63%]
tests/unit/generation/test_layer_pages.py::TestBuildLevel5Coros::test_no_layers_no_coros PASSED [ 63%]
tests/unit/generation/test_layer_pages.py::TestBuildLevel5Coros::test_no_kg_returns_empty PASSED [ 63%]
tests/unit/generation/test_layer_pages.py::TestBuildLevel5Coros::test_skips_completed_layers PASSED [ 63%]
tests/unit/generation/test_layer_pages.py::TestBuildLevel5Coros::test_multiple_layers PASSED [ 63%]
tests/unit/generation/test_layers.py::test_infer_layer_matches_directory_hints PASSED [ 64%]
tests/unit/generation/test_layers.py::test_infer_layer_uses_deepest_matching_directory PASSED [ 64%]
tests/unit/generation/test_layers.py::test_infer_layer_falls_back_for_unmatched_paths PASSED [ 64%]
tests/unit/generation/test_layers.py::test_compute_layer_order_follows_dependency_direction PASSED [ 64%]
tests/unit/generation/test_layers.py::test_compute_layer_order_ignores_external_and_intra_layer_edges PASSED [ 64%]
tests/unit/generation/test_layers.py::test_compute_layer_order_stable_without_edges PASSED [ 64%]
tests/unit/generation/test_layers.py::test_compute_layer_order_single_layer PASSED [ 64%]
tests/unit/generation/test_lazy_generation_exports.py::test_all_exports_resolve PASSED [ 65%]
tests/unit/generation/test_lazy_generation_exports.py::test_dir_includes_lazy_exports PASSED [ 65%]
tests/unit/generation/test_lazy_generation_exports.py::test_unknown_attribute_raises PASSED [ 65%]
tests/unit/generation/test_lazy_generation_exports.py::test_light_leaf_import_does_not_load_heavy_stack PASSED [ 65%]
tests/unit/generation/test_lazy_generation_exports.py::test_lazy_attribute_access_imports_on_demand PASSED [ 65%]
tests/unit/generation/test_mermaid_safety.py::test_no_mermaid_is_noop PASSED [ 65%]
tests/unit/generation/test_mermaid_safety.py::test_path_node_ids_are_slugged_consistently PASSED [ 65%]
tests/unit/generation/test_mermaid_safety.py::test_dotted_ids_slugged PASSED [ 66%]
tests/unit/generation/test_mermaid_safety.py::test_unquoted_label_with_parens_is_quoted PASSED [ 66%]
tests/unit/generation/test_mermaid_safety.py::test_already_quoted_label_untouched PASSED [ 66%]
tests/unit/generation/test_mermaid_safety.py::test_inner_quotes_escaped PASSED [ 66%]
tests/unit/generation/test_mermaid_safety.py::test_non_graph_diagram_left_alone PASSED [ 66%]
tests/unit/generation/test_mermaid_safety.py::test_collision_produces_unique_slugs PASSED [ 66%]
tests/unit/generation/test_mermaid_safety.py::test_sanitize_pages_mutates_and_counts PASSED [ 67%]
tests/unit/generation/test_models.py::test_compute_page_id_normal PASSED [ 67%]
tests/unit/generation/test_models.py::test_compute_page_id_scc PASSED    [ 67%]
tests/unit/generation/test_models.py::test_total_tokens_property PASSED  [ 67%]
tests/unit/generation/test_models.py::test_freshness_same_hash_is_fresh PASSED [ 67%]
tests/unit/generation/test_models.py::test_freshness_different_hash_is_stale PASSED [ 67%]
tests/unit/generation/test_models.py::test_freshness_expired_by_age PASSED [ 67%]
tests/unit/generation/test_models.py::test_freshness_stale_by_age_same_hash PASSED [ 68%]
tests/unit/generation/test_models.py::test_decay_confidence_zero_days PASSED [ 68%]
tests/unit/generation/test_models.py::test_decay_confidence_halfway PASSED [ 68%]
tests/unit/generation/test_models.py::test_decay_confidence_beyond_expiry_is_zero PASSED [ 68%]
tests/unit/generation/test_models.py::test_generation_config_defaults PASSED [ 68%]
tests/unit/generation/test_models.py::test_generation_config_embed_concurrency_defaults_to_max_concurrency PASSED [ 68%]
tests/unit/generation/test_models.py::test_generation_config_normalizes_reasoning PASSED [ 68%]
tests/unit/generation/test_models.py::test_generation_config_accepts_native_reasoning_effort PASSED [ 69%]
tests/unit/generation/test_models.py::test_generation_config_rejects_invalid_reasoning PASSED [ 69%]
tests/unit/generation/test_onboarding.py::test_subkinds_registered_in_canonical_order PASSED [ 69%]
tests/unit/generation/test_onboarding.py::test_onboarding_level_is_eight PASSED [ 69%]
tests/unit/generation/test_onboarding.py::test_target_path_format PASSED [ 69%]
tests/unit/generation/test_onboarding.py::test_promoted_slots_map PASSED [ 69%]
tests/unit/generation/test_onboarding.py::test_codebase_map_always_builds PASSED [ 70%]
tests/unit/generation/test_onboarding.py::test_active_landscape_skipped_without_git_meta PASSED [ 70%]
tests/unit/generation/test_onboarding.py::test_active_landscape_skipped_below_threshold PASSED [ 70%]
tests/unit/generation/test_onboarding.py::test_active_landscape_fires_above_threshold PASSED [ 70%]
tests/unit/generation/test_onboarding.py::test_getting_started_skipped_without_signal PASSED [ 70%]
tests/unit/generation/test_onboarding.py::test_getting_started_fires_on_manifest PASSED [ 70%]
tests/unit/generation/test_onboarding.py::test_getting_started_fires_on_readme_install_section PASSED [ 70%]
tests/unit/generation/test_onboarding.py::test_key_concepts_skipped_when_too_few_concepts PASSED [ 71%]
tests/unit/generation/test_onboarding.py::test_key_concepts_fires_with_enough_concepts PASSED [ 71%]
tests/unit/generation/test_onboarding.py::test_how_it_works_skipped_for_flat_module_collection PASSED [ 71%]
tests/unit/generation/test_onboarding.py::test_how_it_works_fires_on_service_archetype PASSED [ 71%]
tests/unit/generation/test_onboarding.py::test_how_it_works_fires_on_cli_archetype_via_entry_point PASSED [ 71%]
tests/unit/generation/test_onboarding.py::test_development_guide_skipped_for_unconventional_repo PASSED [ 71%]
tests/unit/generation/test_onboarding.py::test_development_guide_fires_with_suffix_pattern_and_test_mirror PASSED [ 71%]
tests/unit/generation/test_onboarding.py::test_tag_promoted_pages_sets_onboarding_slot PASSED [ 72%]
tests/unit/generation/test_onboarding.py::test_guided_tour_skipped_without_enough_stops PASSED [ 72%]
tests/unit/generation/test_onboarding.py::test_guided_tour_builds_with_stops_and_summaries PASSED [ 72%]
tests/unit/generation/test_onboarding.py::test_subkind_template_renders[codebase_map-<lambda>] PASSED [ 72%]
tests/unit/generation/test_onboarding.py::test_subkind_template_renders[active_landscape-<lambda>] PASSED [ 72%]
tests/unit/generation/test_onboarding.py::test_subkind_template_renders[getting_started-<lambda>] PASSED [ 72%]
tests/unit/generation/test_onboarding.py::test_subkind_template_renders[key_concepts-<lambda>] PASSED [ 72%]
tests/unit/generation/test_onboarding.py::test_subkind_template_renders[how_it_works-<lambda>] PASSED [ 73%]
tests/unit/generation/test_onboarding.py::test_subkind_template_renders[guided_tour-<lambda>] PASSED [ 73%]
tests/unit/generation/test_onboarding.py::test_subkind_template_renders[development_guide-<lambda>] PASSED [ 73%]
tests/unit/generation/test_page_generator.py::test_system_prompt_exists[file_page] PASSED [ 73%]
tests/unit/generation/test_page_generator.py::test_system_prompt_exists[symbol_spotlight] PASSED [ 73%]
tests/unit/generation/test_page_generator.py::test_system_prompt_exists[module_page] PASSED [ 73%]
tests/unit/generation/test_page_generator.py::test_system_prompt_exists[scc_page] PASSED [ 74%]
tests/unit/generation/test_page_generator.py::test_system_prompt_exists[repo_overview] PASSED [ 74%]
tests/unit/generation/test_page_generator.py::test_system_prompt_exists[architecture_diagram] PASSED [ 74%]
tests/unit/generation/test_page_generator.py::test_system_prompt_exists[api_contract] PASSED [ 74%]
tests/unit/generation/test_page_generator.py::test_system_prompt_exists[infra_page] PASSED [ 74%]
tests/unit/generation/test_page_generator.py::test_system_prompt_not_empty[file_page] PASSED [ 74%]
tests/unit/generation/test_page_generator.py::test_system_prompt_not_empty[symbol_spotlight] PASSED [ 74%]
tests/unit/generation/test_page_generator.py::test_system_prompt_not_empty[module_page] PASSED [ 75%]
tests/unit/generation/test_page_generator.py::test_system_prompt_not_empty[scc_page] PASSED [ 75%]
tests/unit/generation/test_page_generator.py::test_system_prompt_not_empty[repo_overview] PASSED [ 75%]
tests/unit/generation/test_page_generator.py::test_system_prompt_not_empty[architecture_diagram] PASSED [ 75%]
tests/unit/generation/test_page_generator.py::test_system_prompt_not_empty[api_contract] PASSED [ 75%]
tests/unit/generation/test_page_generator.py::test_system_prompt_not_empty[infra_page] PASSED [ 75%]
tests/unit/generation/test_page_generator.py::test_generate_file_page_returns_generated_page PASSED [ 75%]
tests/unit/generation/test_page_generator.py::test_generate_file_page_provider_name PASSED [ 76%]
tests/unit/generation/test_page_generator.py::test_generate_file_page_increments_call_count PASSED [ 76%]
tests/unit/generation/test_page_generator.py::test_generate_file_page_forwards_reasoning_config PASSED [ 76%]
tests/unit/generation/test_page_generator.py::test_cache_hit_does_not_increment_call_count PASSED [ 76%]
tests/unit/generation/test_page_generator.py::test_cache_disabled_increments_every_call PASSED [ 76%]
tests/unit/generation/test_page_generator.py::test_different_page_type_different_cache_key PASSED [ 76%]
tests/unit/generation/test_page_generator.py::test_different_prompt_different_cache_key PASSED [ 77%]
tests/unit/generation/test_page_generator.py::test_generated_page_source_hash_is_64_hex PASSED [ 77%]
tests/unit/generation/test_page_generator.py::test_generated_page_created_at_is_iso PASSED [ 77%]
tests/unit/generation/test_page_generator.py::test_generate_all_api_contract_before_file_page PASSED [ 77%]
tests/unit/generation/test_page_generator.py::test_generate_all_infra_file_gets_infra_page PASSED [ 77%]
tests/unit/generation/test_page_generator.py::test_generate_all_returns_pages PASSED [ 77%]
tests/unit/generation/test_page_generator.py::test_generate_all_level_values_in_range PASSED [ 77%]
tests/unit/generation/test_page_generator.py::test_build_system_prompt_english_is_unchanged PASSED [ 78%]
tests/unit/generation/test_page_generator.py::test_build_system_prompt_non_english_prepends_instruction PASSED [ 78%]
tests/unit/generation/test_page_generator.py::test_build_system_prompt_unknown_language_falls_back_to_english PASSED [ 78%]
tests/unit/generation/test_page_generator.py::test_build_system_prompt_strips_control_chars_from_language PASSED [ 78%]
tests/unit/generation/test_page_generator.py::test_compute_cache_key_varies_by_language PASSED [ 78%]
tests/unit/generation/test_page_generator_tiering.py::test_partition_none_puts_everything_in_tier1 PASSED [ 78%]
tests/unit/generation/test_page_generator_tiering.py::test_partition_n_geq_len_is_all_tier1 PASSED [ 78%]
tests/unit/generation/test_page_generator_tiering.py::test_partition_top_n_by_pagerank PASSED [ 79%]
tests/unit/generation/test_page_generator_tiering.py::test_partition_zero_is_all_tier2 PASSED [ 79%]
tests/unit/generation/test_page_generator_tiering.py::test_partition_is_a_partition PASSED [ 79%]
tests/unit/generation/test_page_generator_tiering.py::test_partition_tie_break_is_deterministic PASSED [ 79%]
tests/unit/generation/test_page_generator_tiering.py::test_tier2_render_makes_no_provider_call PASSED [ 79%]
tests/unit/generation/test_page_generator_tiering.py::test_generation_config_tier1_top_n_defaults_none PASSED [ 79%]
tests/unit/generation/test_pipeline_reasoning.py::test_run_pipeline_loads_repo_reasoning_config PASSED [ 80%]
tests/unit/generation/test_provenance.py::test_layer_metadata_attached PASSED [ 80%]
tests/unit/generation/test_provenance.py::test_no_kg_layer_falls_back_to_inferred_layer PASSED [ 80%]
tests/unit/generation/test_provenance.py::test_sources_from_dependencies_and_decisions PASSED [ 80%]
tests/unit/generation/test_provenance.py::test_no_sources_means_no_key PASSED [ 80%]
tests/unit/generation/test_provenance.py::test_dependencies_capped_at_ten PASSED [ 80%]
tests/unit/generation/test_rag_prefetch.py::test_search_many_default_aligns_with_per_query_search PASSED [ 80%]
tests/unit/generation/test_rag_prefetch.py::test_in_memory_search_many_embeds_once PASSED [ 81%]
tests/unit/generation/test_rag_prefetch.py::test_search_many_empty_queries PASSED [ 81%]
tests/unit/generation/test_rag_prefetch.py::test_prefetch_populates_rag_context_with_self_exclusion PASSED [ 81%]
tests/unit/generation/test_rag_prefetch.py::test_prefetch_skips_when_store_below_min_size PASSED [ 81%]
tests/unit/generation/test_rag_prefetch.py::test_prefetch_returns_false_without_store_or_on_batch_failure PASSED [ 81%]
tests/unit/generation/test_rag_prefetch.py::test_prefetch_disabled_flag_returns_false PASSED [ 81%]
tests/unit/generation/test_rag_prefetch.py::test_per_page_search_skipped_iff_prefetched[True-0] PASSED [ 81%]
tests/unit/generation/test_rag_prefetch.py::test_per_page_search_skipped_iff_prefetched[False-1] PASSED [ 82%]
tests/unit/generation/test_run_level_cancellation.py::test_cancel_closes_queued_coroutines PASSED [ 82%]
tests/unit/generation/test_run_level_cancellation.py::test_cancel_emits_no_never_awaited_warning PASSED [ 82%]
tests/unit/generation/test_run_level_cancellation.py::test_run_level_completes_normally_after_fix PASSED [ 82%]
tests/unit/generation/test_selection_budget.py::test_compute_budget_scales_linearly_for_large_repo PASSED [ 82%]
tests/unit/generation/test_selection_budget.py::test_compute_budget_floors_for_small_repos PASSED [ 82%]
tests/unit/generation/test_selection_budget.py::test_compute_budget_zero_for_empty_repo PASSED [ 82%]
tests/unit/generation/test_selection_budget.py::test_allocate_budget_respects_candidate_supply PASSED [ 83%]
tests/unit/generation/test_selection_budget.py::test_select_pages_budget_tracks_coverage[0.1-96] PASSED [ 83%]
tests/unit/generation/test_selection_budget.py::test_select_pages_budget_tracks_coverage[0.2-192] PASSED [ 83%]
tests/unit/generation/test_selection_budget.py::test_select_pages_budget_tracks_coverage[0.5-479] PASSED [ 83%]
tests/unit/generation/test_selection_budget.py::test_select_pages_emits_no_pages_for_empty_repo PASSED [ 83%]
tests/unit/generation/test_selection_budget.py::test_higher_coverage_strictly_emits_more_pages PASSED [ 83%]
tests/unit/generation/test_selection_budget.py::test_landmarks_are_pulled_into_budget_without_inflating_count PASSED [ 84%]
tests/unit/generation/test_selection_budget.py::test_landmarks_respect_coverage_across_sizes PASSED [ 84%]
tests/unit/generation/test_symbol_index.py::test_indexed_extraction_matches_scan PASSED [ 84%]
tests/unit/generation/test_symbol_index.py::test_index_buckets_only_symbol_nodes PASSED [ 84%]
tests/unit/generation/test_symbol_index.py::test_assemble_file_page_identical_with_index PASSED [ 84%]
tests/unit/generation/test_tech_stack.py::test_empty_directory_returns_empty_list PASSED [ 84%]
tests/unit/generation/test_tech_stack.py::test_detects_python_from_pyproject PASSED [ 84%]
tests/unit/generation/test_tech_stack.py::test_detects_fastapi_from_pyproject PASSED [ 85%]
tests/unit/generation/test_tech_stack.py::test_detects_nodejs_from_package_json PASSED [ 85%]
tests/unit/generation/test_tech_stack.py::test_detects_react_from_package_json PASSED [ 85%]
tests/unit/generation/test_tech_stack.py::test_detects_typescript_from_tsconfig PASSED [ 85%]
tests/unit/generation/test_tech_stack.py::test_detects_rust_from_cargo_toml PASSED [ 85%]
tests/unit/generation/test_tech_stack.py::test_detects_go_from_go_mod PASSED [ 85%]
tests/unit/generation/test_tech_stack.py::test_detects_docker PASSED     [ 85%]
tests/unit/generation/test_tech_stack.py::test_returns_sorted_by_category_then_name PASSED [ 86%]
tests/unit/generation/test_tech_stack.py::test_empty_directory_returns_empty_dict PASSED [ 86%]
tests/unit/generation/test_tech_stack.py::test_detects_pytest_from_pyproject PASSED [ 86%]
tests/unit/generation/test_tech_stack.py::test_detects_typo3_from_composer_type PASSED [ 86%]
tests/unit/generation/test_tech_stack.py::test_detects_typo3_from_cms_core_require PASSED [ 86%]
tests/unit/generation/test_tech_stack.py::test_detects_symfony_from_framework_bundle PASSED [ 86%]
tests/unit/generation/test_tech_stack.py::test_detects_laravel_from_framework_require PASSED [ 87%]
tests/unit/generation/test_tech_stack.py::test_typo3_takes_precedence_over_symfony_when_both_match PASSED [ 87%]
tests/unit/generation/test_tech_stack.py::test_plain_php_library_does_not_match_any_framework PASSED [ 87%]
tests/unit/generation/test_tech_stack.py::test_malformed_composer_does_not_crash PASSED [ 87%]
tests/unit/generation/test_tech_stack.py::test_detects_ruff_from_pyproject PASSED [ 87%]
tests/unit/generation/test_tech_stack.py::test_detects_npm_scripts PASSED [ 87%]
tests/unit/generation/test_tech_stack.py::test_detects_pnpm_when_lockfile_present PASSED [ 87%]
tests/unit/generation/test_tech_stack.py::test_detects_makefile_targets PASSED [ 88%]
tests/unit/generation/test_templates.py::test_file_page_renders_without_error PASSED [ 88%]
tests/unit/generation/test_templates.py::test_file_page_has_heading PASSED [ 88%]
tests/unit/generation/test_templates.py::test_file_page_contains_file_path PASSED [ 88%]
tests/unit/generation/test_templates.py::test_module_page_renders_without_error PASSED [ 88%]
tests/unit/generation/test_templates.py::test_module_page_has_heading PASSED [ 88%]
tests/unit/generation/test_templates.py::test_module_page_contains_module_path PASSED [ 88%]
tests/unit/generation/test_templates.py::test_repo_overview_renders_without_error PASSED [ 89%]
tests/unit/generation/test_templates.py::test_repo_overview_has_heading PASSED [ 89%]
tests/unit/generation/test_templates.py::test_repo_overview_contains_repo_name PASSED [ 89%]
tests/unit/generation/test_templates.py::test_symbol_spotlight_renders_without_error PASSED [ 89%]
tests/unit/generation/test_templates.py::test_symbol_spotlight_has_heading PASSED [ 89%]
tests/unit/generation/test_templates.py::test_symbol_spotlight_contains_symbol_name PASSED [ 89%]
tests/unit/generation/test_templates.py::test_architecture_diagram_renders_without_error PASSED [ 90%]
tests/unit/generation/test_templates.py::test_architecture_diagram_has_heading PASSED [ 90%]
tests/unit/generation/test_templates.py::test_architecture_diagram_mentions_mermaid PASSED [ 90%]
tests/unit/generation/test_templates.py::test_api_contract_renders_without_error PASSED [ 90%]
tests/unit/generation/test_templates.py::test_api_contract_has_heading PASSED [ 90%]
tests/unit/generation/test_templates.py::test_api_contract_contains_file_path PASSED [ 90%]
tests/unit/generation/test_templates.py::test_infra_page_renders_without_error PASSED [ 90%]
tests/unit/generation/test_templates.py::test_infra_page_has_heading PASSED [ 91%]
tests/unit/generation/test_templates.py::test_infra_page_contains_file_path PASSED [ 91%]
tests/unit/generation/test_templates.py::test_scc_page_renders_without_error PASSED [ 91%]
tests/unit/generation/test_templates.py::test_scc_page_has_heading PASSED [ 91%]
tests/unit/generation/test_templates.py::test_scc_page_contains_cycle_description PASSED [ 91%]
tests/unit/generation/test_tour.py::test_score_entry_points_rewards_entry_flag_and_filename PASSED [ 91%]
tests/unit/generation/test_tour.py::test_score_entry_points_excludes_zero_score PASSED [ 91%]
tests/unit/generation/test_tour.py::test_tour_landmark_paths_is_bounded PASSED [ 92%]
tests/unit/generation/test_tour.py::test_build_tour_only_references_documented_pages PASSED [ 92%]
tests/unit/generation/test_tour.py::test_build_tour_orders_by_bfs_depth PASSED [ 92%]
tests/unit/generation/test_tour.py::test_build_tour_weaves_infra_last PASSED [ 92%]
tests/unit/generation/test_tour.py::test_build_tour_respects_max_stops PASSED [ 92%]
tests/unit/generation/test_workspace_claude_md.py::test_render_returns_non_empty_string PASSED [ 92%]
tests/unit/generation/test_workspace_claude_md.py::test_render_contains_workspace_name PASSED [ 92%]
tests/unit/generation/test_workspace_claude_md.py::test_render_contains_repo_alias PASSED [ 93%]
tests/unit/generation/test_workspace_claude_md.py::test_render_contains_repo_table_headers PASSED [ 93%]
tests/unit/generation/test_workspace_claude_md.py::test_render_contains_file_and_symbol_counts PASSED [ 93%]
tests/unit/generation/test_workspace_claude_md.py::test_render_marks_default_repo PASSED [ 93%]
tests/unit/generation/test_workspace_claude_md.py::test_render_contains_mcp_tools_section PASSED [ 93%]
tests/unit/generation/test_workspace_claude_md.py::test_render_contains_workspace_query_note PASSED [ 93%]
tests/unit/generation/test_workspace_claude_md.py::test_render_skips_contract_section_when_empty PASSED [ 94%]
tests/unit/generation/test_workspace_claude_md.py::test_render_includes_contract_section_when_present PASSED [ 94%]
tests/unit/generation/test_workspace_claude_md.py::test_render_skips_co_changes_section_when_empty PASSED [ 94%]
tests/unit/generation/test_workspace_claude_md.py::test_render_includes_co_changes_section_when_present PASSED [ 94%]
tests/unit/generation/test_workspace_claude_md.py::test_render_limits_co_changes_to_ten PASSED [ 94%]
tests/unit/generation/test_workspace_claude_md.py::test_render_skips_package_deps_when_empty PASSED [ 94%]
tests/unit/generation/test_workspace_claude_md.py::test_render_includes_package_deps_when_present PASSED [ 94%]
tests/unit/generation/test_workspace_claude_md.py::test_render_includes_entry_points_per_repo PASSED [ 95%]
tests/unit/generation/test_workspace_claude_md.py::test_render_shows_placeholder_when_no_entry_points PASSED [ 95%]
tests/unit/generation/test_workspace_claude_md.py::test_write_creates_dot_claude_directory PASSED [ 95%]
tests/unit/generation/test_workspace_claude_md.py::test_write_creates_claude_md_at_workspace_root PASSED [ 95%]
tests/unit/generation/test_workspace_claude_md.py::test_write_returns_path PASSED [ 95%]
tests/unit/generation/test_workspace_claude_md.py::test_write_content_contains_markers PASSED [ 95%]
tests/unit/generation/test_workspace_claude_md.py::test_write_content_contains_user_placeholder_on_new_file PASSED [ 95%]
tests/unit/generation/test_workspace_claude_md.py::test_write_creates_parent_dirs_if_missing PASSED [ 96%]
tests/unit/generation/test_workspace_claude_md.py::test_write_preserves_user_content_above_markers PASSED [ 96%]
tests/unit/generation/test_workspace_claude_md.py::test_write_appends_when_no_markers_exist PASSED [ 96%]
tests/unit/generation/test_workspace_claude_md.py::test_write_replaces_only_managed_section PASSED [ 96%]
tests/unit/generation/test_workspace_claude_md.py::test_write_is_idempotent PASSED [ 96%]
tests/unit/generation/test_workspace_claude_md.py::test_render_with_all_empty_optional_fields_does_not_crash PASSED [ 96%]
tests/unit/generation/test_workspace_claude_md.py::test_render_with_single_repo_no_cross_repo_data PASSED [ 97%]
tests/unit/generation/test_workspace_claude_md.py::test_render_multiple_repos_all_appear_in_table PASSED [ 97%]
tests/unit/generation/test_workspace_claude_md.py::test_contracts_by_type_shown_when_present PASSED [ 97%]
::test_passing_parametrized[0] PASSED                                    [ 97%]
::test_passing_parametrized[1] PASSED                                    [ 97%]
::test_passing_parametrized[2] PASSED                                    [ 97%]
::test_passing_parametrized[3] PASSED                                    [ 97%]
::test_passing_parametrized[4] PASSED                                    [ 98%]
::test_passing_parametrized[5] PASSED                                    [ 98%]
::test_passing_parametrized[6] PASSED                                    [ 98%]
::test_passing_parametrized[7] PASSED                                    [ 98%]
::test_passing_parametrized[8] PASSED                                    [ 98%]
::test_passing_parametrized[9] PASSED                                    [ 98%]
::test_passing_parametrized[10] PASSED                                   [ 98%]
::test_passing_parametrized[11] PASSED                                   [ 99%]
::test_version_roundtrip PASSED                                          [ 99%]
::test_assertion_failure FAILED                                          [ 99%]
::test_unhandled_exception FAILED                                        [ 99%]
::test_index_error_deep FAILED                                           [ 99%]
::TestStoreBehavior::test_put_get PASSED                                 [ 99%]
::TestStoreBehavior::test_missing_key_message FAILED                     [100%]

================================== FAILURES ===================================
___________________________ test_assertion_failure ____________________________
..\..\AppData\Local\Temp\distill_fixture_tests\test_sample.py:23: in test_assertion_failure
    assert result == expected
E   AssertionError: assert {'layers': ['... 'pages': 412} == {'layers': ['... 'pages': 415}
E     
E     Omitting 1 identical items, use -vv to show
E     Differing items:
E     {'pages': 412} != {'pages': 415}
E     {'layers': ['web', 'server']} != {'layers': ['web', 'server', 'core']}
E     
E     Full diff:...
E     
E     ...Full output truncated (12 lines hidden), use '-vv' to show
__________________________ test_unhandled_exception ___________________________
..\..\AppData\Local\Temp\distill_fixture_tests\test_sample.py:27: in test_unhandled_exception
    parse_version("not-a-version")
..\..\AppData\Local\Temp\distill_fixture_tests\test_sample.py:7: in parse_version
    major, minor, patch = s.split(".")
    ^^^^^^^^^^^^^^^^^^^
E   ValueError: not enough values to unpack (expected 3, got 1)
____________________________ test_index_error_deep ____________________________
..\..\AppData\Local\Temp\distill_fixture_tests\test_sample.py:33: in test_index_error_deep
    _ = items[i]
        ^^^^^^^^
E   IndexError: list index out of range
_________________ TestStoreBehavior.test_missing_key_message __________________
..\..\AppData\Local\Temp\distill_fixture_tests\test_sample.py:45: in test_missing_key_message
    _ = store["missing"]
        ^^^^^^^^^^^^^^^^
E   KeyError: 'missing'

During handling of the above exception, another exception occurred:
..\..\AppData\Local\Temp\distill_fixture_tests\test_sample.py:44: in test_missing_key_message
    with pytest.raises(KeyError, match="other"):
         ^^^^^^^^^^^^^^^^^^^^^^^^^^^^^^^^^^^^^^
E   AssertionError: Regex pattern did not match.
E     Expected regex: 'other'
E     Actual message: "'missing'"
=========================== short test summary info ===========================
FAILED ::test_assertion_failure - AssertionError: assert {'layers': ['... 'pa...
FAILED ::test_unhandled_exception - ValueError: not enough values to unpack (...
FAILED ::test_index_error_deep - IndexError: list index out of range
FAILED ::TestStoreBehavior::test_missing_key_message - AssertionError: Regex ...
======================= 4 failed, 666 passed in 12.96s ========================
